Using pre-set license
Built from '2021.2/staging' branch; Version is '2021.2.10f1 (ee872746220e) revision 15632167'; Using compiler version '192829333'; Build Type 'Release'
OS: 'Windows 11  (10.0.22621) 64bit Core' Language: 'en' Physical Memory: 16257 MB
BatchMode: 1, IsHumanControllingUs: 0, StartBugReporterOnCrash: 0, Is64bit: 1, IsPro: 0

COMMAND LINE ARGUMENTS:
C:\Program Files\Unity\Hub\Editor\2021.2.10f1\Editor\Unity.exe
-adb2
-batchMode
-noUpm
-name
AssetImportWorker2
-projectPath
C:/Users/Joseph/Documents/Tower-Defense-Pt3/Tower Defense
-logFile
Logs/AssetImportWorker2.log
-srvPort
59386
Successfully changed project path to: C:/Users/Joseph/Documents/Tower-Defense-Pt3/Tower Defense
C:/Users/Joseph/Documents/Tower-Defense-Pt3/Tower Defense
[UnityMemory] Configuration Parameters - Can be set up in boot.config
    "memorysetup-bucket-allocator-granularity=16"
    "memorysetup-bucket-allocator-bucket-count=8"
    "memorysetup-bucket-allocator-block-size=33554432"
    "memorysetup-bucket-allocator-block-count=8"
    "memorysetup-main-allocator-block-size=16777216"
    "memorysetup-thread-allocator-block-size=16777216"
    "memorysetup-gfx-main-allocator-block-size=16777216"
    "memorysetup-gfx-thread-allocator-block-size=16777216"
    "memorysetup-cache-allocator-block-size=4194304"
    "memorysetup-typetree-allocator-block-size=2097152"
    "memorysetup-profiler-bucket-allocator-granularity=16"
    "memorysetup-profiler-bucket-allocator-bucket-count=8"
    "memorysetup-profiler-bucket-allocator-block-size=33554432"
    "memorysetup-profiler-bucket-allocator-block-count=8"
    "memorysetup-profiler-allocator-block-size=16777216"
    "memorysetup-profiler-editor-allocator-block-size=1048576"
    "memorysetup-temp-allocator-size-main=16777216"
    "memorysetup-job-temp-allocator-block-size=2097152"
    "memorysetup-job-temp-allocator-block-size-background=1048576"
    "memorysetup-job-temp-allocator-reduction-small-platforms=262144"
    "memorysetup-temp-allocator-size-background-worker=32768"
    "memorysetup-temp-allocator-size-job-worker=262144"
    "memorysetup-temp-allocator-size-preload-manager=33554432"
    "memorysetup-temp-allocator-size-nav-mesh-worker=65536"
    "memorysetup-temp-allocator-size-audio-worker=65536"
    "memorysetup-temp-allocator-size-cloud-worker=32768"
    "memorysetup-temp-allocator-size-gi-baking-worker=262144"
    "memorysetup-temp-allocator-size-gfx=262144"
Cannot set VR devices because the platform passed isn't supported by Unity.
Cannot set VR devices because the platform passed isn't supported by Unity.
Cannot set VR devices because the platform passed isn't supported by Unity.
Cannot set VR devices because the platform passed isn't supported by Unity.
Cannot set VR devices because the platform passed isn't supported by Unity.
Cannot set VR devices because the platform passed isn't supported by Unity.
Cannot set VR devices because the platform passed isn't supported by Unity.
Cannot set VR devices because the platform passed isn't supported by Unity.
Cannot set VR devices because the platform passed isn't supported by Unity.
Cannot set VR devices because the platform passed isn't supported by Unity.
Cannot set VR devices because the platform passed isn't supported by Unity.
Refreshing native plugins compatible for Editor in 114.77 ms, found 3 plugins.
Preloading 0 native plugins for Editor in 0.00 ms.
Initialize engine version: 2021.2.10f1 (ee872746220e)
[Subsystems] Discovering subsystems at path C:/Program Files/Unity/Hub/Editor/2021.2.10f1/Editor/Data/Resources/UnitySubsystems
[Subsystems] Discovering subsystems at path C:/Users/Joseph/Documents/Tower-Defense-Pt3/Tower Defense/Assets
GfxDevice: creating device client; threaded=0; jobified=0
Direct3D:
    Version:  Direct3D 11.0 [level 11.1]
    Renderer: Intel(R) UHD Graphics 630 (ID=0x3e9b)
    Vendor:   Intel
    VRAM:     8128 MB
    Driver:   27.20.100.8729
Initialize mono
Mono path[0] = 'C:/Program Files/Unity/Hub/Editor/2021.2.10f1/Editor/Data/Managed'
Mono path[1] = 'C:/Program Files/Unity/Hub/Editor/2021.2.10f1/Editor/Data/MonoBleedingEdge/lib/mono/unityjit-win32'
Mono config path = 'C:/Program Files/Unity/Hub/Editor/2021.2.10f1/Editor/Data/MonoBleedingEdge/etc'
Using monoOptions --debugger-agent=transport=dt_socket,embedding=1,server=y,suspend=n,address=127.0.0.1:56788
Begin MonoManager ReloadAssembly
Registering precompiled unity dll's ...
Register platform support module: C:/Program Files/Unity/Hub/Editor/2021.2.10f1/Editor/Data/PlaybackEngines/WindowsStandaloneSupport/UnityEditor.WindowsStandalone.Extensions.dll
Registered in 0.004842 seconds.
Native extension for WindowsStandalone target not found
Refreshing native plugins compatible for Editor in 101.33 ms, found 3 plugins.
Preloading 0 native plugins for Editor in 0.00 ms.
Mono: successfully reloaded assembly
- Completed reload, in  0.793 seconds
Domain Reload Profiling:
	ReloadAssembly (793ms)
		BeginReloadAssembly (105ms)
			ExecutionOrderSort (0ms)
			DisableScriptedObjects (0ms)
			BackupInstance (0ms)
			ReleaseScriptingObjects (0ms)
			CreateAndSetChildDomain (1ms)
		EndReloadAssembly (591ms)
			LoadAssemblies (101ms)
			RebuildTransferFunctionScriptingTraits (0ms)
			SetupTypeCache (138ms)
			ReleaseScriptCaches (0ms)
			RebuildScriptCaches (49ms)
			SetupLoadedEditorAssemblies (344ms)
				LogAssemblyErrors (0ms)
				InitializePlatformSupportModulesInManaged (20ms)
				SetLoadedEditorAssemblies (0ms)
				RefreshPlugins (101ms)
				BeforeProcessingInitializeOnLoad (1ms)
				ProcessInitializeOnLoadAttributes (167ms)
				ProcessInitializeOnLoadMethodAttributes (54ms)
				AfterProcessingInitializeOnLoad (0ms)
				EditorAssembliesLoaded (0ms)
			ExecutionOrderSort2 (0ms)
			AwakeInstancesAfterBackupRestoration (0ms)
Platform modules already initialized, skipping
Registering precompiled user dll's ...
Registered in 0.008452 seconds.
Begin MonoManager ReloadAssembly
Symbol file LoadedFromMemory doesn't match image C:\Users\Joseph\Documents\Tower-Defense-Pt3\Tower Defense\Library\PackageCache\com.unity.visualscripting@1.7.6\Editor\VisualScripting.Core\Dependencies\YamlDotNet\Unity.VisualScripting.YamlDotNet.dll
Symbol file LoadedFromMemory doesn't match image C:\Users\Joseph\Documents\Tower-Defense-Pt3\Tower Defense\Library\PackageCache\com.unity.visualscripting@1.7.6\Editor\VisualScripting.Core\Dependencies\DotNetZip\Unity.VisualScripting.IonicZip.dll
Native extension for WindowsStandalone target not found
Refreshing native plugins compatible for Editor in 107.08 ms, found 3 plugins.
Preloading 0 native plugins for Editor in 0.00 ms.
Mono: successfully reloaded assembly
- Completed reload, in  2.017 seconds
Domain Reload Profiling:
	ReloadAssembly (2018ms)
		BeginReloadAssembly (148ms)
			ExecutionOrderSort (0ms)
			DisableScriptedObjects (8ms)
			BackupInstance (0ms)
			ReleaseScriptingObjects (0ms)
			CreateAndSetChildDomain (19ms)
		EndReloadAssembly (1766ms)
			LoadAssemblies (97ms)
			RebuildTransferFunctionScriptingTraits (0ms)
			SetupTypeCache (351ms)
			ReleaseScriptCaches (1ms)
			RebuildScriptCaches (65ms)
			SetupLoadedEditorAssemblies (1197ms)
				LogAssemblyErrors (0ms)
				InitializePlatformSupportModulesInManaged (12ms)
				SetLoadedEditorAssemblies (0ms)
				RefreshPlugins (107ms)
				BeforeProcessingInitializeOnLoad (111ms)
				ProcessInitializeOnLoadAttributes (871ms)
				ProcessInitializeOnLoadMethodAttributes (89ms)
				AfterProcessingInitializeOnLoad (7ms)
				EditorAssembliesLoaded (0ms)
			ExecutionOrderSort2 (0ms)
			AwakeInstancesAfterBackupRestoration (7ms)
Platform modules already initialized, skipping
========================================================================
Worker process is ready to serve import requests
Cannot set VR devices because the platform passed isn't supported by Unity.
Cannot set VR devices because the platform passed isn't supported by Unity.
Cannot set VR devices because the platform passed isn't supported by Unity.
Cannot set VR devices because the platform passed isn't supported by Unity.
Cannot set VR devices because the platform passed isn't supported by Unity.
Cannot set VR devices because the platform passed isn't supported by Unity.
Cannot set VR devices because the platform passed isn't supported by Unity.
Cannot set VR devices because the platform passed isn't supported by Unity.
Cannot set VR devices because the platform passed isn't supported by Unity.
Cannot set VR devices because the platform passed isn't supported by Unity.
Cannot set VR devices because the platform passed isn't supported by Unity.
Launched and connected shader compiler UnityShaderCompiler.exe after 0.06 seconds
Refreshing native plugins compatible for Editor in 0.77 ms, found 3 plugins.
Preloading 0 native plugins for Editor in 0.00 ms.
Unloading 4840 Unused Serialized files (Serialized files now loaded: 0)
Unloading 32 unused Assets / (0.7 MB). Loaded Objects now: 5316.
Memory consumption went from 201.4 MB to 200.8 MB.
Total: 5.342000 ms (FindLiveObjects: 0.383100 ms CreateObjectMapping: 0.308200 ms MarkObjects: 4.372400 ms  DeleteObjects: 0.277100 ms)

AssetImportParameters requested are different than current active one (requested -> active):
  custom:video-decoder-ogg-theora: a1e56fd34408186e4bbccfd4996cb3dc -> 
  custom:container-muxer-webm: aa71ff27fc2769a1b78a27578f13a17b -> 
  custom:container-demuxer-webm: 4f35f7cbe854078d1ac9338744f61a02 -> 
  custom:video-encoder-webm-vp8: eb34c28f22e8b96e1ab97ce403110664 -> 
  custom:audio-encoder-webm-vorbis: bf7c407c2cedff20999df2af8eb42d56 -> 
  custom:framework-win-MediaFoundation: 216162199b28c13a410421893ffa2e32 -> 
  custom:container-demuxer-ogg: 62fdf1f143b41e24485cea50d1cbac27 -> 
  custom:video-decoder-webm-vp8: 9c59270c3fd7afecdb556c50c9e8de78 -> 
  custom:audio-decoder-ogg-vorbis: bf7c407c2cedff20999df2af8eb42d56 -> 
========================================================================
Received Import Request.
  Time since last request: 64115.217805 seconds.
  path: Assets/WatchTower
  artifactKey: Guid(b2317681ec493f840a08838c7b433b5f) Importer(815301076,1909f56bfc062723c751e8b465ee728b)
Start importing Assets/WatchTower using Guid(b2317681ec493f840a08838c7b433b5f) Importer(815301076,1909f56bfc062723c751e8b465ee728b)  -> (artifact id: 'd57896aa44aeea42e24ec21fdea6d147') in 0.014739 seconds 
========================================================================
Received Import Request.
  Time since last request: 0.036533 seconds.
  path: Assets/WatchTower/Fortress Watchtower.tga
  artifactKey: Guid(7c5d262714bc8ff40a84ffcaa6c47840) Importer(815301076,1909f56bfc062723c751e8b465ee728b)
Start importing Assets/WatchTower/Fortress Watchtower.tga using Guid(7c5d262714bc8ff40a84ffcaa6c47840) Importer(815301076,1909f56bfc062723c751e8b465ee728b)  -> (artifact id: '0c86ce6ed52ec3de95edacd34f796f8e') in 0.182497 seconds 
========================================================================
Received Import Request.
  Time since last request: 0.000094 seconds.
  path: Assets/WatchTower/Watchtower_Window.prefab
  artifactKey: Guid(4d02aaac87dc0ff409ef7a311d289070) Importer(815301076,1909f56bfc062723c751e8b465ee728b)
Start importing Assets/WatchTower/Watchtower_Window.prefab using Guid(4d02aaac87dc0ff409ef7a311d289070) Importer(815301076,1909f56bfc062723c751e8b465ee728b)  -> (artifact id: '771d6d6fb81ff7aa51141e3bb8f1d957') in 0.070983 seconds 
========================================================================
Received Import Request.
  Time since last request: 19.814870 seconds.
  path: Assets/WatchTower/Materials
  artifactKey: Guid(acaf4b2f4976bfb45b953906e4c9c5bc) Importer(815301076,1909f56bfc062723c751e8b465ee728b)
Start importing Assets/WatchTower/Materials using Guid(acaf4b2f4976bfb45b953906e4c9c5bc) Importer(815301076,1909f56bfc062723c751e8b465ee728b)  -> (artifact id: 'e5c1fff6d4e841824ddd64fe13bdb5ee') in 0.001948 seconds 
========================================================================
Received Import Request.
  Time since last request: 0.047341 seconds.
  path: Assets/WatchTower/Materials/Fortress.mat
  artifactKey: Guid(adc73d51271b7f44a95932c38f713f9d) Importer(815301076,1909f56bfc062723c751e8b465ee728b)
Start importing Assets/WatchTower/Materials/Fortress.mat using Guid(adc73d51271b7f44a95932c38f713f9d) Importer(815301076,1909f56bfc062723c751e8b465ee728b)  -> (artifact id: '655f903b3070ff00b1e301a8d6fca691') in 0.031369 seconds 
========================================================================
Received Import Request.
  Time since last request: 8.658651 seconds.
  path: Assets/WatchTower/ReadMe.txt
  artifactKey: Guid(5baf064f86b26194f8379d39a24aa78d) Importer(815301076,1909f56bfc062723c751e8b465ee728b)
Start importing Assets/WatchTower/ReadMe.txt using Guid(5baf064f86b26194f8379d39a24aa78d) Importer(815301076,1909f56bfc062723c751e8b465ee728b)  -> (artifact id: '0471ca2e3a80b7b6d5f09c700f68047f') in 0.015434 seconds 
========================================================================
Received Prepare
Cannot set VR devices because the platform passed isn't supported by Unity.
Cannot set VR devices because the platform passed isn't supported by Unity.
Cannot set VR devices because the platform passed isn't supported by Unity.
Cannot set VR devices because the platform passed isn't supported by Unity.
Cannot set VR devices because the platform passed isn't supported by Unity.
Cannot set VR devices because the platform passed isn't supported by Unity.
Cannot set VR devices because the platform passed isn't supported by Unity.
Cannot set VR devices because the platform passed isn't supported by Unity.
Cannot set VR devices because the platform passed isn't supported by Unity.
Cannot set VR devices because the platform passed isn't supported by Unity.
Cannot set VR devices because the platform passed isn't supported by Unity.
Registering precompiled user dll's ...
Registered in 0.007624 seconds.
Begin MonoManager ReloadAssembly
Symbol file LoadedFromMemory doesn't match image C:\Users\Joseph\Documents\Tower-Defense-Pt3\Tower Defense\Library\PackageCache\com.unity.visualscripting@1.7.6\Editor\VisualScripting.Core\Dependencies\YamlDotNet\Unity.VisualScripting.YamlDotNet.dll
Symbol file LoadedFromMemory doesn't match image C:\Users\Joseph\Documents\Tower-Defense-Pt3\Tower Defense\Library\PackageCache\com.unity.visualscripting@1.7.6\Editor\VisualScripting.Core\Dependencies\DotNetZip\Unity.VisualScripting.IonicZip.dll
Native extension for WindowsStandalone target not found
Refreshing native plugins compatible for Editor in 0.77 ms, found 3 plugins.
Preloading 0 native plugins for Editor in 0.00 ms.
Mono: successfully reloaded assembly
- Completed reload, in  1.266 seconds
Domain Reload Profiling:
	ReloadAssembly (1267ms)
		BeginReloadAssembly (141ms)
			ExecutionOrderSort (0ms)
			DisableScriptedObjects (5ms)
			BackupInstance (0ms)
			ReleaseScriptingObjects (0ms)
			CreateAndSetChildDomain (49ms)
		EndReloadAssembly (1014ms)
			LoadAssemblies (90ms)
			RebuildTransferFunctionScriptingTraits (0ms)
			SetupTypeCache (282ms)
			ReleaseScriptCaches (2ms)
			RebuildScriptCaches (47ms)
			SetupLoadedEditorAssemblies (545ms)
				LogAssemblyErrors (0ms)
				InitializePlatformSupportModulesInManaged (12ms)
				SetLoadedEditorAssemblies (1ms)
				RefreshPlugins (1ms)
				BeforeProcessingInitializeOnLoad (80ms)
				ProcessInitializeOnLoadAttributes (362ms)
				ProcessInitializeOnLoadMethodAttributes (82ms)
				AfterProcessingInitializeOnLoad (7ms)
				EditorAssembliesLoaded (0ms)
			ExecutionOrderSort2 (0ms)
			AwakeInstancesAfterBackupRestoration (13ms)
Platform modules already initialized, skipping
Refreshing native plugins compatible for Editor in 1.03 ms, found 3 plugins.
Preloading 0 native plugins for Editor in 0.00 ms.
Unloading 4769 Unused Serialized files (Serialized files now loaded: 0)
Unloading 27 unused Assets / (0.6 MB). Loaded Objects now: 5375.
Memory consumption went from 199.9 MB to 199.3 MB.
Total: 4.863300 ms (FindLiveObjects: 0.471300 ms CreateObjectMapping: 0.487800 ms MarkObjects: 3.518700 ms  DeleteObjects: 0.383400 ms)

AssetImportParameters requested are different than current active one (requested -> active):
  custom:video-decoder-ogg-theora: a1e56fd34408186e4bbccfd4996cb3dc -> 
  custom:container-muxer-webm: aa71ff27fc2769a1b78a27578f13a17b -> 
  custom:container-demuxer-webm: 4f35f7cbe854078d1ac9338744f61a02 -> 
  custom:video-encoder-webm-vp8: eb34c28f22e8b96e1ab97ce403110664 -> 
  custom:audio-encoder-webm-vorbis: bf7c407c2cedff20999df2af8eb42d56 -> 
  custom:framework-win-MediaFoundation: 216162199b28c13a410421893ffa2e32 -> 
  custom:container-demuxer-ogg: 62fdf1f143b41e24485cea50d1cbac27 -> 
  custom:video-decoder-webm-vp8: 9c59270c3fd7afecdb556c50c9e8de78 -> 
  custom:audio-decoder-ogg-vorbis: bf7c407c2cedff20999df2af8eb42d56 -> 
========================================================================
Received Import Request.
  Time since last request: 547.106669 seconds.
  path: Assets/Imports
  artifactKey: Guid(18aa86c1043d2cd408f762f2ed260f9a) Importer(815301076,1909f56bfc062723c751e8b465ee728b)
Start importing Assets/Imports using Guid(18aa86c1043d2cd408f762f2ed260f9a) Importer(815301076,1909f56bfc062723c751e8b465ee728b)  -> (artifact id: 'bca2af036bc4b0b38e5e91662511c0f2') in 0.013723 seconds 
========================================================================
Received Import Request.
  Time since last request: 16.909239 seconds.
  path: Assets/BrokenVector
  artifactKey: Guid(4eb25f2f40cc7ec4886f68c49f9f03c8) Importer(815301076,1909f56bfc062723c751e8b465ee728b)
Start importing Assets/BrokenVector using Guid(4eb25f2f40cc7ec4886f68c49f9f03c8) Importer(815301076,1909f56bfc062723c751e8b465ee728b)  -> (artifact id: '02114da77919f017c3e50693c10f4296') in 0.007829 seconds 
========================================================================
Received Import Request.
  Time since last request: 1.384286 seconds.
  path: Assets/BrokenVector/LowPolyFencePack
  artifactKey: Guid(4676b307259bbc947b4975643cad8fe3) Importer(815301076,1909f56bfc062723c751e8b465ee728b)
Start importing Assets/BrokenVector/LowPolyFencePack using Guid(4676b307259bbc947b4975643cad8fe3) Importer(815301076,1909f56bfc062723c751e8b465ee728b)  -> (artifact id: 'b9b52b175844834b5a8296f5f6429299') in 0.007416 seconds 
========================================================================
Received Import Request.
  Time since last request: 2.928031 seconds.
  path: Assets/BrokenVector/LowPolyFencePack/Prefabs
  artifactKey: Guid(bee983e3ea1ffee43b383b2474f40bc6) Importer(815301076,1909f56bfc062723c751e8b465ee728b)
Start importing Assets/BrokenVector/LowPolyFencePack/Prefabs using Guid(bee983e3ea1ffee43b383b2474f40bc6) Importer(815301076,1909f56bfc062723c751e8b465ee728b)  -> (artifact id: 'ca31383f8e60b647bff3e6551103aacb') in 0.002241 seconds 
========================================================================
Received Import Request.
  Time since last request: 0.048071 seconds.
  path: Assets/BrokenVector/LowPolyFencePack/Prefabs/Fence Type1 01.prefab
  artifactKey: Guid(4cc487e002327cb43995ca1871bd142e) Importer(815301076,1909f56bfc062723c751e8b465ee728b)
Start importing Assets/BrokenVector/LowPolyFencePack/Prefabs/Fence Type1 01.prefab using Guid(4cc487e002327cb43995ca1871bd142e) Importer(815301076,1909f56bfc062723c751e8b465ee728b)  -> (artifact id: 'c086b7903c0674619978acbe5eb95b80') in 0.077674 seconds 
========================================================================
Received Import Request.
  Time since last request: 0.000021 seconds.
  path: Assets/BrokenVector/LowPolyFencePack/Prefabs/Fence Type5 Big.prefab
  artifactKey: Guid(6bea119038cba374387862a060db5358) Importer(815301076,1909f56bfc062723c751e8b465ee728b)
Start importing Assets/BrokenVector/LowPolyFencePack/Prefabs/Fence Type5 Big.prefab using Guid(6bea119038cba374387862a060db5358) Importer(815301076,1909f56bfc062723c751e8b465ee728b)  -> (artifact id: '0d57254673f72d51eb4130d9a4d24393') in 0.027383 seconds 
========================================================================
Received Import Request.
  Time since last request: 0.000036 seconds.
  path: Assets/BrokenVector/LowPolyFencePack/Prefabs/Fence Type4 Big.prefab
  artifactKey: Guid(6c7e01809ee343847a660faeaa78d718) Importer(815301076,1909f56bfc062723c751e8b465ee728b)
Start importing Assets/BrokenVector/LowPolyFencePack/Prefabs/Fence Type4 Big.prefab using Guid(6c7e01809ee343847a660faeaa78d718) Importer(815301076,1909f56bfc062723c751e8b465ee728b)  -> (artifact id: '7181e04cf0c6ab67fd690ba69cefc664') in 0.024898 seconds 
========================================================================
Received Import Request.
  Time since last request: 0.000035 seconds.
  path: Assets/BrokenVector/LowPolyFencePack/Prefabs/Fence Type6 Small.prefab
  artifactKey: Guid(2d525f55a99e5bd4e98aec363e675a60) Importer(815301076,1909f56bfc062723c751e8b465ee728b)
Start importing Assets/BrokenVector/LowPolyFencePack/Prefabs/Fence Type6 Small.prefab using Guid(2d525f55a99e5bd4e98aec363e675a60) Importer(815301076,1909f56bfc062723c751e8b465ee728b)  -> (artifact id: '24987aeefec517abb2528bb30946035a') in 0.056256 seconds 
========================================================================
Received Import Request.
  Time since last request: 0.000027 seconds.
  path: Assets/BrokenVector/LowPolyFencePack/Prefabs/Fence Type2 01.prefab
  artifactKey: Guid(b10237067370545479ead9bdac817d9c) Importer(815301076,1909f56bfc062723c751e8b465ee728b)
Start importing Assets/BrokenVector/LowPolyFencePack/Prefabs/Fence Type2 01.prefab using Guid(b10237067370545479ead9bdac817d9c) Importer(815301076,1909f56bfc062723c751e8b465ee728b)  -> (artifact id: '7307b2a31ec5d829b0c6f9a000f20cdb') in 0.042126 seconds 
========================================================================
Received Import Request.
  Time since last request: 0.000034 seconds.
  path: Assets/BrokenVector/LowPolyFencePack/Prefabs/Fence Type6 Big.prefab
  artifactKey: Guid(ac1f0ef7b8bec92458549c915b3114b7) Importer(815301076,1909f56bfc062723c751e8b465ee728b)
Start importing Assets/BrokenVector/LowPolyFencePack/Prefabs/Fence Type6 Big.prefab using Guid(ac1f0ef7b8bec92458549c915b3114b7) Importer(815301076,1909f56bfc062723c751e8b465ee728b)  -> (artifact id: '047be7c2d32d0db2646e98f6e55e5205') in 0.027235 seconds 
========================================================================
Received Import Request.
  Time since last request: 0.000031 seconds.
  path: Assets/BrokenVector/LowPolyFencePack/Prefabs/Fence Type3 01.prefab
  artifactKey: Guid(ee17d9afd26027744b8c7d0cc0f25022) Importer(815301076,1909f56bfc062723c751e8b465ee728b)
Start importing Assets/BrokenVector/LowPolyFencePack/Prefabs/Fence Type3 01.prefab using Guid(ee17d9afd26027744b8c7d0cc0f25022) Importer(815301076,1909f56bfc062723c751e8b465ee728b)  -> (artifact id: '278b96c62a065e681bd49dec6e064117') in 0.021612 seconds 
========================================================================
Received Import Request.
  Time since last request: 555.184218 seconds.
  path: Assets/Imports/Laser Beamer/Materials/Base.mat
  artifactKey: Guid(2b6ecc7c86bfa4d47a54b97f3fdfea84) Importer(815301076,1909f56bfc062723c751e8b465ee728b)
Start importing Assets/Imports/Laser Beamer/Materials/Base.mat using Guid(2b6ecc7c86bfa4d47a54b97f3fdfea84) Importer(815301076,1909f56bfc062723c751e8b465ee728b)  -> (artifact id: '8f7ba0b4bf1cb75f7b4b2d05a97181c1') in 0.051379 seconds 
========================================================================
Received Import Request.
  Time since last request: 0.000027 seconds.
  path: Assets/Fonts/Roboto-Thin.ttf
  artifactKey: Guid(7df651d8101597e4bb10100bcec3117d) Importer(815301076,1909f56bfc062723c751e8b465ee728b)
Start importing Assets/Fonts/Roboto-Thin.ttf using Guid(7df651d8101597e4bb10100bcec3117d) Importer(815301076,1909f56bfc062723c751e8b465ee728b)  -> (artifact id: 'd732ed36fa2213813c24b7a062288fa0') in 0.038537 seconds 
========================================================================
Received Import Request.
  Time since last request: 0.000034 seconds.
  path: Assets/Imports/Laser Beamer/Materials/Bolts.mat
  artifactKey: Guid(954197a3c46626d4a84aeff17e0436f4) Importer(815301076,1909f56bfc062723c751e8b465ee728b)
Start importing Assets/Imports/Laser Beamer/Materials/Bolts.mat using Guid(954197a3c46626d4a84aeff17e0436f4) Importer(815301076,1909f56bfc062723c751e8b465ee728b)  -> (artifact id: 'b24dca8a378c25e3b70b1d6729ab605e') in 0.018680 seconds 
========================================================================
Received Import Request.
  Time since last request: 0.000022 seconds.
  path: Assets/BrokenVector/LowPolyFencePack/Materials/Brown Wood.mat
  artifactKey: Guid(1fc121be3f680634fbb8cab1fa2d47c8) Importer(815301076,1909f56bfc062723c751e8b465ee728b)
Start importing Assets/BrokenVector/LowPolyFencePack/Materials/Brown Wood.mat using Guid(1fc121be3f680634fbb8cab1fa2d47c8) Importer(815301076,1909f56bfc062723c751e8b465ee728b)  -> (artifact id: '32ce532af5f9d8c4e9166575615d6b4a') in 0.030113 seconds 
========================================================================
Received Import Request.
  Time since last request: 0.000056 seconds.
  path: Packages/com.unity.render-pipelines.universal/Runtime/Materials/Decal.mat
  artifactKey: Guid(31d0dcc6f2dd4e4408d18036a2c93862) Importer(815301076,1909f56bfc062723c751e8b465ee728b)
Start importing Packages/com.unity.render-pipelines.universal/Runtime/Materials/Decal.mat using Guid(31d0dcc6f2dd4e4408d18036a2c93862) Importer(815301076,1909f56bfc062723c751e8b465ee728b)  -> (artifact id: '850a088636b083135ff68cb1c2016e07') in 0.036555 seconds 
========================================================================
Received Import Request.
  Time since last request: 0.000021 seconds.
  path: Assets/Enemies/Tough/Enemy_Tough.mat
  artifactKey: Guid(de0679c73fc83d645976e1876c9af0db) Importer(815301076,1909f56bfc062723c751e8b465ee728b)
Start importing Assets/Enemies/Tough/Enemy_Tough.mat using Guid(de0679c73fc83d645976e1876c9af0db) Importer(815301076,1909f56bfc062723c751e8b465ee728b)  -> (artifact id: '266ee71e01c349ded0782d9014261c06') in 0.040875 seconds 
========================================================================
Received Import Request.
  Time since last request: 0.000018 seconds.
  path: Assets/Fonts/Roboto-Light.ttf
  artifactKey: Guid(06d08cbcfa41d1e49bbeedbe1bb43076) Importer(815301076,1909f56bfc062723c751e8b465ee728b)
Start importing Assets/Fonts/Roboto-Light.ttf using Guid(06d08cbcfa41d1e49bbeedbe1bb43076) Importer(815301076,1909f56bfc062723c751e8b465ee728b)  -> (artifact id: '8a2cfed767e648c964f3ed5bf50fb2b3') in 0.040322 seconds 
========================================================================
Received Import Request.
  Time since last request: 0.000034 seconds.
  path: Packages/com.unity.render-pipelines.core/Runtime/Debugging/Prefabs/Fonts/PerfectDOSVGA437.ttf
  artifactKey: Guid(74a5091d8707f334b9a5c31ef71a64ba) Importer(815301076,1909f56bfc062723c751e8b465ee728b)
Start importing Packages/com.unity.render-pipelines.core/Runtime/Debugging/Prefabs/Fonts/PerfectDOSVGA437.ttf using Guid(74a5091d8707f334b9a5c31ef71a64ba) Importer(815301076,1909f56bfc062723c751e8b465ee728b)  -> (artifact id: 'c26e30e45940466a9fbce7600b5b4d8a') in 0.042127 seconds 
========================================================================
Received Import Request.
  Time since last request: 2.266845 seconds.
  path: Assets/Imports/Darth_Artisan/Free_Trees/Meshes/Materials/Free_Tree.mat
  artifactKey: Guid(af65c0942482e46aeb256506726ff0f7) Importer(815301076,1909f56bfc062723c751e8b465ee728b)
Start importing Assets/Imports/Darth_Artisan/Free_Trees/Meshes/Materials/Free_Tree.mat using Guid(af65c0942482e46aeb256506726ff0f7) Importer(815301076,1909f56bfc062723c751e8b465ee728b)  -> (artifact id: '3c92b04073cfc6cd5a6d0532847f2d7e') in 0.029502 seconds 
========================================================================
Received Import Request.
  Time since last request: 1.101320 seconds.
  path: Packages/com.unity.render-pipelines.universal/Runtime/Materials/Lit.mat
  artifactKey: Guid(31321ba15b8f8eb4c954353edc038b1d) Importer(815301076,1909f56bfc062723c751e8b465ee728b)
Start importing Packages/com.unity.render-pipelines.universal/Runtime/Materials/Lit.mat using Guid(31321ba15b8f8eb4c954353edc038b1d) Importer(815301076,1909f56bfc062723c751e8b465ee728b)  -> (artifact id: '16a50623cf2579083d12bccf1f287cb6') in 0.041525 seconds 
========================================================================
Received Import Request.
  Time since last request: 0.000028 seconds.
  path: Assets/Imports/Missile Launcher/Materials/MissileLauncher_Secondary.mat
  artifactKey: Guid(2fc3f5ed8d531a14bad565e3e40c7131) Importer(815301076,1909f56bfc062723c751e8b465ee728b)
Start importing Assets/Imports/Missile Launcher/Materials/MissileLauncher_Secondary.mat using Guid(2fc3f5ed8d531a14bad565e3e40c7131) Importer(815301076,1909f56bfc062723c751e8b465ee728b)  -> (artifact id: '8cece65f178d8f2e91369e34533dc7d1') in 0.020910 seconds 
========================================================================
Received Import Request.
  Time since last request: 0.000029 seconds.
  path: Assets/Imports/Laser Beamer/Materials_Upgraded/Main Turret.mat
  artifactKey: Guid(d69baa3a2bc686a42bc2b17e8fdaa75c) Importer(815301076,1909f56bfc062723c751e8b465ee728b)
Start importing Assets/Imports/Laser Beamer/Materials_Upgraded/Main Turret.mat using Guid(d69baa3a2bc686a42bc2b17e8fdaa75c) Importer(815301076,1909f56bfc062723c751e8b465ee728b)  -> (artifact id: 'aee3ac9fe2820c232a56bed8a42286d6') in 0.019691 seconds 
========================================================================
Received Import Request.
  Time since last request: 0.000035 seconds.
  path: Assets/Imports/Missile Launcher/Materials/MissileLauncher_Primary.mat
  artifactKey: Guid(9da90b6de2de89049807dd76e9892ca5) Importer(815301076,1909f56bfc062723c751e8b465ee728b)
Start importing Assets/Imports/Missile Launcher/Materials/MissileLauncher_Primary.mat using Guid(9da90b6de2de89049807dd76e9892ca5) Importer(815301076,1909f56bfc062723c751e8b465ee728b)  -> (artifact id: '577ed4d4fba61bfa736cc1a82e848275') in 0.029329 seconds 
========================================================================
Received Import Request.
  Time since last request: 0.567762 seconds.
  path: Assets/Imports/Laser Beamer/Materials/Pipe.mat
  artifactKey: Guid(fcd47e85925d305458b43fc25d7c07e7) Importer(815301076,1909f56bfc062723c751e8b465ee728b)
Start importing Assets/Imports/Laser Beamer/Materials/Pipe.mat using Guid(fcd47e85925d305458b43fc25d7c07e7) Importer(815301076,1909f56bfc062723c751e8b465ee728b)  -> (artifact id: '59719f6d8a428e5c2db839b95792487e') in 0.020895 seconds 
========================================================================
Received Import Request.
  Time since last request: 0.000016 seconds.
  path: Packages/com.unity.render-pipelines.universal/Runtime/Materials/Sprite-Unlit-Default.mat
  artifactKey: Guid(9dfc825aed78fcd4ba02077103263b40) Importer(815301076,1909f56bfc062723c751e8b465ee728b)
Start importing Packages/com.unity.render-pipelines.universal/Runtime/Materials/Sprite-Unlit-Default.mat using Guid(9dfc825aed78fcd4ba02077103263b40) Importer(815301076,1909f56bfc062723c751e8b465ee728b)  -> (artifact id: '52d39a6f09c8413dbdb39f505217bc67') in 0.061514 seconds 
========================================================================
Received Import Request.
  Time since last request: 0.000022 seconds.
  path: Assets/BrokenVector/LowPolyFencePack/Materials/Red Wood.mat
  artifactKey: Guid(6c7da534adf849442ab00c554ac221d1) Importer(815301076,1909f56bfc062723c751e8b465ee728b)
Start importing Assets/BrokenVector/LowPolyFencePack/Materials/Red Wood.mat using Guid(6c7da534adf849442ab00c554ac221d1) Importer(815301076,1909f56bfc062723c751e8b465ee728b)  -> (artifact id: 'b2195ccf4d0c66f8fd331acebae87079') in 0.015065 seconds 
========================================================================
Received Import Request.
  Time since last request: 0.000028 seconds.
  path: Assets/Imports/Laser Beamer/Materials/Stand.mat
  artifactKey: Guid(7e029aa385e977a4895ea3be55061e91) Importer(815301076,1909f56bfc062723c751e8b465ee728b)
Start importing Assets/Imports/Laser Beamer/Materials/Stand.mat using Guid(7e029aa385e977a4895ea3be55061e91) Importer(815301076,1909f56bfc062723c751e8b465ee728b)  -> (artifact id: '141140bf158272a78fad5dd218248042') in 0.021219 seconds 
========================================================================
Received Import Request.
  Time since last request: 0.000020 seconds.
  path: Packages/com.unity.render-pipelines.universal/Runtime/Materials/SpriteMask-Default.mat
  artifactKey: Guid(15d0c3709176029428a0da2f8cecf0b5) Importer(815301076,1909f56bfc062723c751e8b465ee728b)
Start importing Packages/com.unity.render-pipelines.universal/Runtime/Materials/SpriteMask-Default.mat using Guid(15d0c3709176029428a0da2f8cecf0b5) Importer(815301076,1909f56bfc062723c751e8b465ee728b)  -> (artifact id: 'a47ae0726697cfa5ca9e475c54f34d13') in 0.017775 seconds 
========================================================================
Received Import Request.
  Time since last request: 0.000019 seconds.
  path: Packages/com.unity.render-pipelines.universal/Runtime/Materials/SpatialMappingWireframe.mat
  artifactKey: Guid(9875a245ac49007498213638a307faa1) Importer(815301076,1909f56bfc062723c751e8b465ee728b)
Start importing Packages/com.unity.render-pipelines.universal/Runtime/Materials/SpatialMappingWireframe.mat using Guid(9875a245ac49007498213638a307faa1) Importer(815301076,1909f56bfc062723c751e8b465ee728b)  -> (artifact id: 'afeeae6dc78f6841b436fdca7303552b') in 0.026779 seconds 
========================================================================
Received Import Request.
  Time since last request: 0.000026 seconds.
  path: Packages/com.unity.render-pipelines.universal/Runtime/Materials/Sprite-Lit-Default.mat
  artifactKey: Guid(a97c105638bdf8b4a8650670310a4cd3) Importer(815301076,1909f56bfc062723c751e8b465ee728b)
Start importing Packages/com.unity.render-pipelines.universal/Runtime/Materials/Sprite-Lit-Default.mat using Guid(a97c105638bdf8b4a8650670310a4cd3) Importer(815301076,1909f56bfc062723c751e8b465ee728b)  -> (artifact id: '717d48759411f2100f82541be09474d5') in 0.018178 seconds 
========================================================================
Received Import Request.
  Time since last request: 0.213618 seconds.
  path: Assets/Imports/Darth_Artisan/Free_Trees/Materials/tree_diffuse.mat
  artifactKey: Guid(6b84d96dab412d64b9c34db0dd662c86) Importer(815301076,1909f56bfc062723c751e8b465ee728b)
Start importing Assets/Imports/Darth_Artisan/Free_Trees/Materials/tree_diffuse.mat using Guid(6b84d96dab412d64b9c34db0dd662c86) Importer(815301076,1909f56bfc062723c751e8b465ee728b)  -> (artifact id: '01d1814901597ca1c2ea13bb5a8ecd14') in 0.019164 seconds 
========================================================================
Received Import Request.
  Time since last request: 0.000034 seconds.
  path: Assets/Imports/Standard Turret/Materials/Turret_GunMetal.mat
  artifactKey: Guid(5e20908171633404e9f08603aea3bae0) Importer(815301076,1909f56bfc062723c751e8b465ee728b)
Start importing Assets/Imports/Standard Turret/Materials/Turret_GunMetal.mat using Guid(5e20908171633404e9f08603aea3bae0) Importer(815301076,1909f56bfc062723c751e8b465ee728b)  -> (artifact id: 'edbecfafc65563e5c02bef0cf2cc2f4a') in 0.019791 seconds 
========================================================================
Received Import Request.
  Time since last request: 0.000035 seconds.
  path: Assets/Imports/Standard Turret/Materials/Turret_Metal.mat
  artifactKey: Guid(fb81311d3462176479e08297003d5503) Importer(815301076,1909f56bfc062723c751e8b465ee728b)
Start importing Assets/Imports/Standard Turret/Materials/Turret_Metal.mat using Guid(fb81311d3462176479e08297003d5503) Importer(815301076,1909f56bfc062723c751e8b465ee728b)  -> (artifact id: 'e4e9d7793e816dc3141404dcf2e6729e') in 0.018491 seconds 
========================================================================
Received Import Request.
  Time since last request: 0.000029 seconds.
  path: Assets/Imports/Standard Turret/Materials/Turret_Metal2.mat
  artifactKey: Guid(fe9542c42714f304c9aeea56787d3ba3) Importer(815301076,1909f56bfc062723c751e8b465ee728b)
Start importing Assets/Imports/Standard Turret/Materials/Turret_Metal2.mat using Guid(fe9542c42714f304c9aeea56787d3ba3) Importer(815301076,1909f56bfc062723c751e8b465ee728b)  -> (artifact id: '8116b36c6ea620e8fb1afc5f98380970') in 0.018636 seconds 
========================================================================
Received Import Request.
  Time since last request: 0.000025 seconds.
  path: Assets/Imports/Standard Turret/Materials/Turret_Main.mat
  artifactKey: Guid(a8ffd7bb5105d0742893854dfc542df7) Importer(815301076,1909f56bfc062723c751e8b465ee728b)
Start importing Assets/Imports/Standard Turret/Materials/Turret_Main.mat using Guid(a8ffd7bb5105d0742893854dfc542df7) Importer(815301076,1909f56bfc062723c751e8b465ee728b)  -> (artifact id: '460310654af22afc9a9eaa4d24e247a3') in 0.027899 seconds 
========================================================================
Received Import Request.
  Time since last request: 0.000022 seconds.
  path: Assets/Imports/Laser Beamer/Materials/Turret Accent.mat
  artifactKey: Guid(0fb095ea77ca4734aa0dbb32784e33c0) Importer(815301076,1909f56bfc062723c751e8b465ee728b)
Start importing Assets/Imports/Laser Beamer/Materials/Turret Accent.mat using Guid(0fb095ea77ca4734aa0dbb32784e33c0) Importer(815301076,1909f56bfc062723c751e8b465ee728b)  -> (artifact id: '7c56a35e606175e761ca1dddb2d08688') in 0.020774 seconds 
========================================================================
Received Import Request.
  Time since last request: 0.000021 seconds.
  path: Assets/Imports/Standard Turret/Materials/Turret_Barrels.mat
  artifactKey: Guid(4dd72481ce4edfa40821df8f174001b1) Importer(815301076,1909f56bfc062723c751e8b465ee728b)
Start importing Assets/Imports/Standard Turret/Materials/Turret_Barrels.mat using Guid(4dd72481ce4edfa40821df8f174001b1) Importer(815301076,1909f56bfc062723c751e8b465ee728b)  -> (artifact id: '5d1fe5de0af98430f1902d36fbc96c62') in 0.019241 seconds 
========================================================================
Received Import Request.
  Time since last request: 0.000021 seconds.
  path: Assets/Imports/Laser Beamer/Materials_Upgraded/Turret Accent.mat
  artifactKey: Guid(e6cd319256caf914f80a4139ff345831) Importer(815301076,1909f56bfc062723c751e8b465ee728b)
Start importing Assets/Imports/Laser Beamer/Materials_Upgraded/Turret Accent.mat using Guid(e6cd319256caf914f80a4139ff345831) Importer(815301076,1909f56bfc062723c751e8b465ee728b)  -> (artifact id: 'c2a0d03827a2607da96ed4b919c8c7a6') in 0.018028 seconds 
========================================================================
Received Import Request.
  Time since last request: 0.463498 seconds.
  path: Assets/Imports/Standard Turret/Materials_Upgraded/Turret_Upgraded_Barrels.mat
  artifactKey: Guid(bbaad39f30d3f7545becfa0331865278) Importer(815301076,1909f56bfc062723c751e8b465ee728b)
Start importing Assets/Imports/Standard Turret/Materials_Upgraded/Turret_Upgraded_Barrels.mat using Guid(bbaad39f30d3f7545becfa0331865278) Importer(815301076,1909f56bfc062723c751e8b465ee728b)  -> (artifact id: '376c432ede8e44803ce960eaebf10e84') in 0.023776 seconds 
========================================================================
Received Import Request.
  Time since last request: 0.000036 seconds.
  path: Assets/BrokenVector/LowPolyFencePack/Materials/Yellow Wood.mat
  artifactKey: Guid(ec2b0ecd91bd412439a8bab0d5f8a62d) Importer(815301076,1909f56bfc062723c751e8b465ee728b)
Start importing Assets/BrokenVector/LowPolyFencePack/Materials/Yellow Wood.mat using Guid(ec2b0ecd91bd412439a8bab0d5f8a62d) Importer(815301076,1909f56bfc062723c751e8b465ee728b)  -> (artifact id: '5b35a0427ff34f3c0ab8c79f735c396a') in 0.018194 seconds 
========================================================================
Received Import Request.
  Time since last request: 73.129090 seconds.
  path: Assets/3D Haven/Free Fantasy Terrain Textures
  artifactKey: Guid(d05ced541ace9ba4eb722e15a0702ae7) Importer(815301076,1909f56bfc062723c751e8b465ee728b)
Start importing Assets/3D Haven/Free Fantasy Terrain Textures using Guid(d05ced541ace9ba4eb722e15a0702ae7) Importer(815301076,1909f56bfc062723c751e8b465ee728b)  -> (artifact id: '0b6013fe9b381a17d58bec59d488489c') in 0.008404 seconds 
========================================================================
Received Import Request.
  Time since last request: 1.692726 seconds.
  path: Assets/3D Haven/Free Fantasy Terrain Textures/Textures
  artifactKey: Guid(ae6fbe5a003c69b4284db435b93226f5) Importer(815301076,1909f56bfc062723c751e8b465ee728b)
Start importing Assets/3D Haven/Free Fantasy Terrain Textures/Textures using Guid(ae6fbe5a003c69b4284db435b93226f5) Importer(815301076,1909f56bfc062723c751e8b465ee728b)  -> (artifact id: '2e5e4ddd8074e9ef4e3cb127af803692') in 0.006580 seconds 
========================================================================
Received Import Request.
  Time since last request: 2.323337 seconds.
  path: Assets/3D Haven/Free Fantasy Terrain Textures/Textures/1K Resolution
  artifactKey: Guid(face3ac06f1e6564693ae0e942eae346) Importer(815301076,1909f56bfc062723c751e8b465ee728b)
Start importing Assets/3D Haven/Free Fantasy Terrain Textures/Textures/1K Resolution using Guid(face3ac06f1e6564693ae0e942eae346) Importer(815301076,1909f56bfc062723c751e8b465ee728b)  -> (artifact id: 'eac26fcbb12edfc22b6e0c49fa67b6c6') in 0.007660 seconds 
========================================================================
Received Import Request.
  Time since last request: 0.061461 seconds.
  path: Assets/3D Haven/Free Fantasy Terrain Textures/Textures/1K Resolution/3DH FTT Cliff_001 1K.png
  artifactKey: Guid(02f172ba43ed44741a8b3bd602b1a5ac) Importer(815301076,1909f56bfc062723c751e8b465ee728b)
Start importing Assets/3D Haven/Free Fantasy Terrain Textures/Textures/1K Resolution/3DH FTT Cliff_001 1K.png using Guid(02f172ba43ed44741a8b3bd602b1a5ac) Importer(815301076,1909f56bfc062723c751e8b465ee728b)  -> (artifact id: '221594a5b3c87dad54165de01aff2782') in 0.059512 seconds 
========================================================================
Received Import Request.
  Time since last request: 0.000072 seconds.
  path: Assets/3D Haven/Free Fantasy Terrain Textures/Textures/1K Resolution/3DH FTT Path_001 Sand_001 1K.png
  artifactKey: Guid(049faeb2cfb53824f99ad440b0884816) Importer(815301076,1909f56bfc062723c751e8b465ee728b)
Start importing Assets/3D Haven/Free Fantasy Terrain Textures/Textures/1K Resolution/3DH FTT Path_001 Sand_001 1K.png using Guid(049faeb2cfb53824f99ad440b0884816) Importer(815301076,1909f56bfc062723c751e8b465ee728b)  -> (artifact id: '5531cf3e9214625587f0c87d118d527b') in 0.014359 seconds 
========================================================================
Received Import Request.
  Time since last request: 0.000023 seconds.
  path: Assets/3D Haven/Free Fantasy Terrain Textures/Textures/1K Resolution/3DH FTT Grass_002 Rocks_001 1K.png
  artifactKey: Guid(bebb062f20e6a2f409ae57cf3ab4f946) Importer(815301076,1909f56bfc062723c751e8b465ee728b)
Start importing Assets/3D Haven/Free Fantasy Terrain Textures/Textures/1K Resolution/3DH FTT Grass_002 Rocks_001 1K.png using Guid(bebb062f20e6a2f409ae57cf3ab4f946) Importer(815301076,1909f56bfc062723c751e8b465ee728b)  -> (artifact id: '0f20c595ff986faf06ce49438f8a1dc1') in 0.014949 seconds 
========================================================================
Received Import Request.
  Time since last request: 0.000022 seconds.
  path: Assets/3D Haven/Free Fantasy Terrain Textures/Textures/1K Resolution/3DH FTT ForestGround_001 Grass_002 1K.png
  artifactKey: Guid(2862d24a5e6d6c049be2492f76bc1c2c) Importer(815301076,1909f56bfc062723c751e8b465ee728b)
Start importing Assets/3D Haven/Free Fantasy Terrain Textures/Textures/1K Resolution/3DH FTT ForestGround_001 Grass_002 1K.png using Guid(2862d24a5e6d6c049be2492f76bc1c2c) Importer(815301076,1909f56bfc062723c751e8b465ee728b)  -> (artifact id: '1c5b9293b20ba7c008b81bc2d22c4fd0') in 0.014925 seconds 
========================================================================
Received Import Request.
  Time since last request: 0.000023 seconds.
  path: Assets/3D Haven/Free Fantasy Terrain Textures/Textures/1K Resolution/3DH FTT Rocks_001 1K.png
  artifactKey: Guid(a4368b8ffd49f9246964ebbda9f0bf3c) Importer(815301076,1909f56bfc062723c751e8b465ee728b)
Start importing Assets/3D Haven/Free Fantasy Terrain Textures/Textures/1K Resolution/3DH FTT Rocks_001 1K.png using Guid(a4368b8ffd49f9246964ebbda9f0bf3c) Importer(815301076,1909f56bfc062723c751e8b465ee728b)  -> (artifact id: 'd98f3f168ae530ea37f4ca0c1ca89488') in 0.014025 seconds 
========================================================================
Received Import Request.
  Time since last request: 0.000029 seconds.
  path: Assets/3D Haven/Free Fantasy Terrain Textures/Textures/1K Resolution/3DH FTT Dirt_002a 1K.png
  artifactKey: Guid(5020511136143724ea1108909fdadc7a) Importer(815301076,1909f56bfc062723c751e8b465ee728b)
Start importing Assets/3D Haven/Free Fantasy Terrain Textures/Textures/1K Resolution/3DH FTT Dirt_002a 1K.png using Guid(5020511136143724ea1108909fdadc7a) Importer(815301076,1909f56bfc062723c751e8b465ee728b)  -> (artifact id: '1682555d06c630be28f5aec6f7be0151') in 0.033566 seconds 
========================================================================
Received Import Request.
  Time since last request: 0.000022 seconds.
  path: Assets/3D Haven/Free Fantasy Terrain Textures/Textures/1K Resolution/3DH FTT ForestGround_001 1K.png
  artifactKey: Guid(00ced6628f099374ebf7475a8b513648) Importer(815301076,1909f56bfc062723c751e8b465ee728b)
Start importing Assets/3D Haven/Free Fantasy Terrain Textures/Textures/1K Resolution/3DH FTT ForestGround_001 1K.png using Guid(00ced6628f099374ebf7475a8b513648) Importer(815301076,1909f56bfc062723c751e8b465ee728b)  -> (artifact id: 'bfcdb6555ebf897be178db42379e2b39') in 0.014725 seconds 
========================================================================
Received Import Request.
  Time since last request: 0.000019 seconds.
  path: Assets/3D Haven/Free Fantasy Terrain Textures/Textures/1K Resolution/3DH FTT Path_001 ForestGround_001 1K.png
  artifactKey: Guid(5679d41979997c2489dc93c283f62505) Importer(815301076,1909f56bfc062723c751e8b465ee728b)
Start importing Assets/3D Haven/Free Fantasy Terrain Textures/Textures/1K Resolution/3DH FTT Path_001 ForestGround_001 1K.png using Guid(5679d41979997c2489dc93c283f62505) Importer(815301076,1909f56bfc062723c751e8b465ee728b)  -> (artifact id: '0c20a682d653070ea4e52246ce8c957d') in 0.014604 seconds 
========================================================================
Received Import Request.
  Time since last request: 0.000021 seconds.
  path: Assets/3D Haven/Free Fantasy Terrain Textures/Textures/1K Resolution/3DH FTT Dirt_001_Mossy 1K.png
  artifactKey: Guid(49b8f8bd232e4394a9948ed155fe1516) Importer(815301076,1909f56bfc062723c751e8b465ee728b)
Start importing Assets/3D Haven/Free Fantasy Terrain Textures/Textures/1K Resolution/3DH FTT Dirt_001_Mossy 1K.png using Guid(49b8f8bd232e4394a9948ed155fe1516) Importer(815301076,1909f56bfc062723c751e8b465ee728b)  -> (artifact id: '98829767e4662d0feb72445d3226f63d') in 0.015575 seconds 
========================================================================
Received Import Request.
  Time since last request: 52.360321 seconds.
  path: Assets/3D Haven/Free Fantasy Terrain Textures/Textures/1K Resolution/Materials
  artifactKey: Guid(d3056766e3a662346b41d545b50bf63f) Importer(815301076,1909f56bfc062723c751e8b465ee728b)
Start importing Assets/3D Haven/Free Fantasy Terrain Textures/Textures/1K Resolution/Materials using Guid(d3056766e3a662346b41d545b50bf63f) Importer(815301076,1909f56bfc062723c751e8b465ee728b)  -> (artifact id: '32eab6bec05e26dcf87b389c2714e5a9') in 0.002379 seconds 
========================================================================
Received Import Request.
  Time since last request: 0.044013 seconds.
  path: Assets/3D Haven/Free Fantasy Terrain Textures/Textures/1K Resolution/Materials/3DH FTT Path_001 1K.mat
  artifactKey: Guid(2aab7a9e740ff774a883bf84baa7c184) Importer(815301076,1909f56bfc062723c751e8b465ee728b)
Start importing Assets/3D Haven/Free Fantasy Terrain Textures/Textures/1K Resolution/Materials/3DH FTT Path_001 1K.mat using Guid(2aab7a9e740ff774a883bf84baa7c184) Importer(815301076,1909f56bfc062723c751e8b465ee728b)  -> (artifact id: 'bfce99ccdba6d29c3b507e72f38b020d') in 0.017218 seconds 
========================================================================
Received Import Request.
  Time since last request: 6.901643 seconds.
  path: Assets/3D Haven/Free Fantasy Terrain Textures/Textures/2K Resolution
  artifactKey: Guid(171146c498ef0f54b85753a78a1f27c0) Importer(815301076,1909f56bfc062723c751e8b465ee728b)
Start importing Assets/3D Haven/Free Fantasy Terrain Textures/Textures/2K Resolution using Guid(171146c498ef0f54b85753a78a1f27c0) Importer(815301076,1909f56bfc062723c751e8b465ee728b)  -> (artifact id: '65f9e666b22fdbc395064bb3e5a97545') in 0.008259 seconds 
========================================================================
Received Import Request.
  Time since last request: 0.036191 seconds.
  path: Assets/3D Haven/Free Fantasy Terrain Textures/Textures/2K Resolution/3DH FTT Cliff_001 2K.png
  artifactKey: Guid(93c63f62e88a872409921df7acdb5a2c) Importer(815301076,1909f56bfc062723c751e8b465ee728b)
Start importing Assets/3D Haven/Free Fantasy Terrain Textures/Textures/2K Resolution/3DH FTT Cliff_001 2K.png using Guid(93c63f62e88a872409921df7acdb5a2c) Importer(815301076,1909f56bfc062723c751e8b465ee728b)  -> (artifact id: 'e0e78bad4a38a41ad9d90a94585095b8') in 0.027540 seconds 
========================================================================
Received Import Request.
  Time since last request: 0.000030 seconds.
  path: Assets/3D Haven/Free Fantasy Terrain Textures/Textures/2K Resolution/3DH FTT Path_001 2K.png
  artifactKey: Guid(48bc4a92dccd51241a882a9f682bfb76) Importer(815301076,1909f56bfc062723c751e8b465ee728b)
Start importing Assets/3D Haven/Free Fantasy Terrain Textures/Textures/2K Resolution/3DH FTT Path_001 2K.png using Guid(48bc4a92dccd51241a882a9f682bfb76) Importer(815301076,1909f56bfc062723c751e8b465ee728b)  -> (artifact id: '20c1686acaf8638c009a6f50023fd60d') in 0.021072 seconds 
========================================================================
Received Import Request.
  Time since last request: 0.000023 seconds.
  path: Assets/3D Haven/Free Fantasy Terrain Textures/Textures/2K Resolution/3DH FTT Grass_002 Grass_001b 2K.png
  artifactKey: Guid(6b8935af058f8974c8ce153894c01472) Importer(815301076,1909f56bfc062723c751e8b465ee728b)
Start importing Assets/3D Haven/Free Fantasy Terrain Textures/Textures/2K Resolution/3DH FTT Grass_002 Grass_001b 2K.png using Guid(6b8935af058f8974c8ce153894c01472) Importer(815301076,1909f56bfc062723c751e8b465ee728b)  -> (artifact id: 'b89de50148857a3678aab92257c37dc4') in 0.073564 seconds 
========================================================================
Received Import Request.
  Time since last request: 0.000030 seconds.
  path: Assets/3D Haven/Free Fantasy Terrain Textures/Textures/2K Resolution/3DH FTT Rocks_001_Mossy 2K.png
  artifactKey: Guid(076fa9785d5e5374990495e8fa7f052e) Importer(815301076,1909f56bfc062723c751e8b465ee728b)
Start importing Assets/3D Haven/Free Fantasy Terrain Textures/Textures/2K Resolution/3DH FTT Rocks_001_Mossy 2K.png using Guid(076fa9785d5e5374990495e8fa7f052e) Importer(815301076,1909f56bfc062723c751e8b465ee728b)  -> (artifact id: '03bf5dc7043ce8deb3ab8c38b051ac75') in 0.064777 seconds 
========================================================================
Received Import Request.
  Time since last request: 0.000042 seconds.
  path: Assets/3D Haven/Free Fantasy Terrain Textures/Textures/2K Resolution/3DH FTT Path_001 Abandoned_004 2K.png
  artifactKey: Guid(29bb65d122b2c794bb3cdcc3c9da019e) Importer(815301076,1909f56bfc062723c751e8b465ee728b)
Start importing Assets/3D Haven/Free Fantasy Terrain Textures/Textures/2K Resolution/3DH FTT Path_001 Abandoned_004 2K.png using Guid(29bb65d122b2c794bb3cdcc3c9da019e) Importer(815301076,1909f56bfc062723c751e8b465ee728b)  -> (artifact id: '1791fdc982918e73ff777d882b71ea31') in 0.026643 seconds 
========================================================================
Received Import Request.
  Time since last request: 0.000020 seconds.
  path: Assets/3D Haven/Free Fantasy Terrain Textures/Textures/2K Resolution/3DH FTT Path_001 Abandoned_002 2K.png
  artifactKey: Guid(84f91327d1aea424896931c311a638bc) Importer(815301076,1909f56bfc062723c751e8b465ee728b)
Start importing Assets/3D Haven/Free Fantasy Terrain Textures/Textures/2K Resolution/3DH FTT Path_001 Abandoned_002 2K.png using Guid(84f91327d1aea424896931c311a638bc) Importer(815301076,1909f56bfc062723c751e8b465ee728b)  -> (artifact id: '3b606a2e379b7a65ddaec14531129f24') in 0.016407 seconds 
========================================================================
Received Import Request.
  Time since last request: 92.134099 seconds.
  path: Assets/3D Haven
  artifactKey: Guid(ea2dae2cb1148764181ff0ebfbf8887e) Importer(815301076,1909f56bfc062723c751e8b465ee728b)
Start importing Assets/3D Haven using Guid(ea2dae2cb1148764181ff0ebfbf8887e) Importer(815301076,1909f56bfc062723c751e8b465ee728b)  -> (artifact id: '36a73423fd49ba87e9740e7f7382b9b1') in 0.009920 seconds 
========================================================================
Received Import Request.
  Time since last request: 104.117452 seconds.
  path: Assets/Sand textures pack
  artifactKey: Guid(956566d2771f9e649bece47bbe4e544f) Importer(815301076,1909f56bfc062723c751e8b465ee728b)
Start importing Assets/Sand textures pack using Guid(956566d2771f9e649bece47bbe4e544f) Importer(815301076,1909f56bfc062723c751e8b465ee728b)  -> (artifact id: 'a3b4e166babd9e2172b40ba9ab5f90a5') in 0.010301 seconds 
========================================================================
Received Import Request.
  Time since last request: 1.692437 seconds.
  path: Assets/Sand textures pack/Sand 01
  artifactKey: Guid(1603b597bf9bc10428b8db7def389b4e) Importer(815301076,1909f56bfc062723c751e8b465ee728b)
Start importing Assets/Sand textures pack/Sand 01 using Guid(1603b597bf9bc10428b8db7def389b4e) Importer(815301076,1909f56bfc062723c751e8b465ee728b)  -> (artifact id: 'd902124ee73bb5b8f0267270c40d6625') in 0.008459 seconds 
========================================================================
Received Import Request.
  Time since last request: 0.062191 seconds.
  path: Assets/Sand textures pack/Sand 01/diffuse.tga
  artifactKey: Guid(290c02f76666bf444b5d58aaf8ee8151) Importer(815301076,1909f56bfc062723c751e8b465ee728b)
Start importing Assets/Sand textures pack/Sand 01/diffuse.tga using Guid(290c02f76666bf444b5d58aaf8ee8151) Importer(815301076,1909f56bfc062723c751e8b465ee728b)  -> (artifact id: '998b856636eaa8507daaa1052a17097e') in 0.024299 seconds 
========================================================================
Received Import Request.
  Time since last request: 0.000019 seconds.
  path: Assets/Sand textures pack/Sand 01/Sand pattern 01.mat
  artifactKey: Guid(aefa62ee04789e745b9c2b7d23a21e67) Importer(815301076,1909f56bfc062723c751e8b465ee728b)
Start importing Assets/Sand textures pack/Sand 01/Sand pattern 01.mat using Guid(aefa62ee04789e745b9c2b7d23a21e67) Importer(815301076,1909f56bfc062723c751e8b465ee728b)  -> (artifact id: '0c81cceb0fb90a43d9926840afe75d5f') in 0.198734 seconds 
========================================================================
Received Import Request.
  Time since last request: 1.972149 seconds.
  path: Assets/Sand textures pack/Sand 02
  artifactKey: Guid(ab3eb8dd4227f74449ac1faa7ccb9c87) Importer(815301076,1909f56bfc062723c751e8b465ee728b)
Start importing Assets/Sand textures pack/Sand 02 using Guid(ab3eb8dd4227f74449ac1faa7ccb9c87) Importer(815301076,1909f56bfc062723c751e8b465ee728b)  -> (artifact id: '2e56a2d97c6e686c2ace31848823a60f') in 0.007067 seconds 
========================================================================
Received Import Request.
  Time since last request: 0.035363 seconds.
  path: Assets/Sand textures pack/Sand 02/diffuse.tga
  artifactKey: Guid(249658be85c3a614fb5a8d8eb3cf0f52) Importer(815301076,1909f56bfc062723c751e8b465ee728b)
Start importing Assets/Sand textures pack/Sand 02/diffuse.tga using Guid(249658be85c3a614fb5a8d8eb3cf0f52) Importer(815301076,1909f56bfc062723c751e8b465ee728b)  -> (artifact id: 'c009a99cfce106ab9b49687f9406504a') in 0.023785 seconds 
========================================================================
Received Import Request.
  Time since last request: 0.000020 seconds.
  path: Assets/Sand textures pack/Sand 02/preview.jpg
  artifactKey: Guid(d718b052bebcf3f459b8b3643a53b25a) Importer(815301076,1909f56bfc062723c751e8b465ee728b)
Start importing Assets/Sand textures pack/Sand 02/preview.jpg using Guid(d718b052bebcf3f459b8b3643a53b25a) Importer(815301076,1909f56bfc062723c751e8b465ee728b)  -> (artifact id: '0b38a2d6d792090472eef3861a7e84b1') in 0.013974 seconds 
========================================================================
Received Import Request.
  Time since last request: 3.517525 seconds.
  path: Assets/Sand textures pack/Sand 03
  artifactKey: Guid(b79b597a98dc2cf4d85d7b22cbae858b) Importer(815301076,1909f56bfc062723c751e8b465ee728b)
Start importing Assets/Sand textures pack/Sand 03 using Guid(b79b597a98dc2cf4d85d7b22cbae858b) Importer(815301076,1909f56bfc062723c751e8b465ee728b)  -> (artifact id: '80ed3b8a4ec3f5f04b1c175bbc48d6a0') in 0.007163 seconds 
========================================================================
Received Import Request.
  Time since last request: 0.039756 seconds.
  path: Assets/Sand textures pack/Sand 03/diffuse.tga
  artifactKey: Guid(573734e01a86b9d40b6c8dc8d74a1932) Importer(815301076,1909f56bfc062723c751e8b465ee728b)
Start importing Assets/Sand textures pack/Sand 03/diffuse.tga using Guid(573734e01a86b9d40b6c8dc8d74a1932) Importer(815301076,1909f56bfc062723c751e8b465ee728b)  -> (artifact id: '3d968f8237aed7c19c0a7bbd7dc02801') in 0.026214 seconds 
========================================================================
Received Import Request.
  Time since last request: 0.000019 seconds.
  path: Assets/Sand textures pack/Sand 03/preview.jpg
  artifactKey: Guid(db8f734d24bb14047a116ee10e629eba) Importer(815301076,1909f56bfc062723c751e8b465ee728b)
Start importing Assets/Sand textures pack/Sand 03/preview.jpg using Guid(db8f734d24bb14047a116ee10e629eba) Importer(815301076,1909f56bfc062723c751e8b465ee728b)  -> (artifact id: 'd8a5f26acfecab61ab39cf3a1072d515') in 0.012497 seconds 
========================================================================
Received Import Request.
  Time since last request: 1.750804 seconds.
  path: Assets/Sand textures pack/Sand 04
  artifactKey: Guid(14e971924eac52840aff313557a14ff7) Importer(815301076,1909f56bfc062723c751e8b465ee728b)
Start importing Assets/Sand textures pack/Sand 04 using Guid(14e971924eac52840aff313557a14ff7) Importer(815301076,1909f56bfc062723c751e8b465ee728b)  -> (artifact id: '32e7f4fb55af837094c4020d8d3fa304') in 0.007572 seconds 
========================================================================
Received Import Request.
  Time since last request: 0.066418 seconds.
  path: Assets/Sand textures pack/Sand 04/diffuse.tga
  artifactKey: Guid(b3a688c8751b80348b50c839645b1893) Importer(815301076,1909f56bfc062723c751e8b465ee728b)
Start importing Assets/Sand textures pack/Sand 04/diffuse.tga using Guid(b3a688c8751b80348b50c839645b1893) Importer(815301076,1909f56bfc062723c751e8b465ee728b)  -> (artifact id: '401dddfaede60d4f969f8d380223bff3') in 0.023332 seconds 
========================================================================
Received Import Request.
  Time since last request: 0.000022 seconds.
  path: Assets/Sand textures pack/Sand 04/preview.jpg
  artifactKey: Guid(694b20c372c6c0b45bf35c32e619ca5b) Importer(815301076,1909f56bfc062723c751e8b465ee728b)
Start importing Assets/Sand textures pack/Sand 04/preview.jpg using Guid(694b20c372c6c0b45bf35c32e619ca5b) Importer(815301076,1909f56bfc062723c751e8b465ee728b)  -> (artifact id: 'ffadcfa12b7d9ced85e23f35a7caa995') in 0.012683 seconds 
========================================================================
Received Import Request.
  Time since last request: 2.272728 seconds.
  path: Assets/Sand textures pack/Sand 05
  artifactKey: Guid(e48b272946a2a0149b0489ce7e98e1bf) Importer(815301076,1909f56bfc062723c751e8b465ee728b)
Start importing Assets/Sand textures pack/Sand 05 using Guid(e48b272946a2a0149b0489ce7e98e1bf) Importer(815301076,1909f56bfc062723c751e8b465ee728b)  -> (artifact id: '0797cfa0e7f6ef5d60e5c456cfb526af') in 0.006943 seconds 
========================================================================
Received Import Request.
  Time since last request: 0.039238 seconds.
  path: Assets/Sand textures pack/Sand 05/diffuse.tga
  artifactKey: Guid(c16540716d43a52419d74c2940ffe2b2) Importer(815301076,1909f56bfc062723c751e8b465ee728b)
Start importing Assets/Sand textures pack/Sand 05/diffuse.tga using Guid(c16540716d43a52419d74c2940ffe2b2) Importer(815301076,1909f56bfc062723c751e8b465ee728b)  -> (artifact id: '9f22b2f0286ef83f453cae31d79bd3d9') in 0.025108 seconds 
========================================================================
Received Import Request.
  Time since last request: 0.000024 seconds.
  path: Assets/Sand textures pack/Sand 05/Sand pattern 05.mat
  artifactKey: Guid(0fe09d884d05833478278bfad09bb050) Importer(815301076,1909f56bfc062723c751e8b465ee728b)
Start importing Assets/Sand textures pack/Sand 05/Sand pattern 05.mat using Guid(0fe09d884d05833478278bfad09bb050) Importer(815301076,1909f56bfc062723c751e8b465ee728b)  -> (artifact id: '4fe3b581a8e2ff378096fbd6e89521d3') in 0.017491 seconds 
========================================================================
Received Import Request.
  Time since last request: 14.795549 seconds.
  path: Assets/Sand textures pack/Sand 06
  artifactKey: Guid(ef36c6b8236f79e48ba1205d73effd8e) Importer(815301076,1909f56bfc062723c751e8b465ee728b)
Start importing Assets/Sand textures pack/Sand 06 using Guid(ef36c6b8236f79e48ba1205d73effd8e) Importer(815301076,1909f56bfc062723c751e8b465ee728b)  -> (artifact id: '78777ee45c9c790571fb35e130bceb89') in 0.007456 seconds 
========================================================================
Received Import Request.
  Time since last request: 0.072479 seconds.
  path: Assets/Sand textures pack/Sand 06/diffuse.tga
  artifactKey: Guid(ad000eaa5a11e6541a69dcd7ffa18a80) Importer(815301076,1909f56bfc062723c751e8b465ee728b)
Start importing Assets/Sand textures pack/Sand 06/diffuse.tga using Guid(ad000eaa5a11e6541a69dcd7ffa18a80) Importer(815301076,1909f56bfc062723c751e8b465ee728b)  -> (artifact id: '08478fc03653457a7902e6d3b7779c7c') in 0.015535 seconds 
========================================================================
Received Import Request.
  Time since last request: 0.000026 seconds.
  path: Assets/Sand textures pack/Sand 06/preview.jpg
  artifactKey: Guid(94de8f5eb8e9a0747860c70a4105c906) Importer(815301076,1909f56bfc062723c751e8b465ee728b)
Start importing Assets/Sand textures pack/Sand 06/preview.jpg using Guid(94de8f5eb8e9a0747860c70a4105c906) Importer(815301076,1909f56bfc062723c751e8b465ee728b)  -> (artifact id: '2369bd59de6afe10e45e98e366e6492c') in 0.012080 seconds 
========================================================================
Received Import Request.
  Time since last request: 246.407842 seconds.
  path: Assets/BrokenVector/LowPolyFencePack/Prefabs/Fence Type1 01.prefab
  artifactKey: Guid(4cc487e002327cb43995ca1871bd142e) Importer(815301076,1909f56bfc062723c751e8b465ee728b)
Start importing Assets/BrokenVector/LowPolyFencePack/Prefabs/Fence Type1 01.prefab using Guid(4cc487e002327cb43995ca1871bd142e) Importer(815301076,1909f56bfc062723c751e8b465ee728b)  -> (artifact id: 'c3894e6b7998a9378ade9d265b055800') in 0.036500 seconds 
========================================================================
Received Import Request.
  Time since last request: 0.000028 seconds.
  path: Assets/BrokenVector/LowPolyFencePack/Prefabs/Fence Type2 02.prefab
  artifactKey: Guid(c107d6218da3747479b38075e3042255) Importer(815301076,1909f56bfc062723c751e8b465ee728b)
Start importing Assets/BrokenVector/LowPolyFencePack/Prefabs/Fence Type2 02.prefab using Guid(c107d6218da3747479b38075e3042255) Importer(815301076,1909f56bfc062723c751e8b465ee728b)  -> (artifact id: '9e5a66c0ad151f9a57a86751fb468e81') in 0.040381 seconds 
========================================================================
Received Import Request.
  Time since last request: 0.000027 seconds.
  path: Assets/BrokenVector/LowPolyFencePack/Prefabs/Fence Type4 Big.prefab
  artifactKey: Guid(6c7e01809ee343847a660faeaa78d718) Importer(815301076,1909f56bfc062723c751e8b465ee728b)
Start importing Assets/BrokenVector/LowPolyFencePack/Prefabs/Fence Type4 Big.prefab using Guid(6c7e01809ee343847a660faeaa78d718) Importer(815301076,1909f56bfc062723c751e8b465ee728b)  -> (artifact id: '1c5b258a776c0456e1f1704f28ee5cac') in 0.038486 seconds 
========================================================================
Received Import Request.
  Time since last request: 0.000049 seconds.
  path: Assets/BrokenVector/LowPolyFencePack/Prefabs/Fence Type2 03.prefab
  artifactKey: Guid(ab5e0beb1c36778479983f28b65d97dd) Importer(815301076,1909f56bfc062723c751e8b465ee728b)
Start importing Assets/BrokenVector/LowPolyFencePack/Prefabs/Fence Type2 03.prefab using Guid(ab5e0beb1c36778479983f28b65d97dd) Importer(815301076,1909f56bfc062723c751e8b465ee728b)  -> (artifact id: 'ca10f565f794a426efcc48c8446d4d4f') in 0.027649 seconds 
========================================================================
Received Import Request.
  Time since last request: 0.000050 seconds.
  path: Assets/BrokenVector/LowPolyFencePack/Prefabs/Fence Type4 Small.prefab
  artifactKey: Guid(da8e893168526164591f81d60c0e06b1) Importer(815301076,1909f56bfc062723c751e8b465ee728b)
Start importing Assets/BrokenVector/LowPolyFencePack/Prefabs/Fence Type4 Small.prefab using Guid(da8e893168526164591f81d60c0e06b1) Importer(815301076,1909f56bfc062723c751e8b465ee728b)  -> (artifact id: 'a17cc0d88fbcae694b802819cf321a1e') in 0.028758 seconds 
========================================================================
Received Import Request.
  Time since last request: 0.000041 seconds.
  path: Assets/BrokenVector/LowPolyFencePack/Prefabs/Fence Type6 Big.prefab
  artifactKey: Guid(ac1f0ef7b8bec92458549c915b3114b7) Importer(815301076,1909f56bfc062723c751e8b465ee728b)
Start importing Assets/BrokenVector/LowPolyFencePack/Prefabs/Fence Type6 Big.prefab using Guid(ac1f0ef7b8bec92458549c915b3114b7) Importer(815301076,1909f56bfc062723c751e8b465ee728b)  -> (artifact id: 'cff61a4add64efff36455a02ee12eb6e') in 0.030799 seconds 
========================================================================
Received Import Request.
  Time since last request: 0.000031 seconds.
  path: Assets/BrokenVector/LowPolyFencePack/Prefabs/Fence Type3 01.prefab
  artifactKey: Guid(ee17d9afd26027744b8c7d0cc0f25022) Importer(815301076,1909f56bfc062723c751e8b465ee728b)
Start importing Assets/BrokenVector/LowPolyFencePack/Prefabs/Fence Type3 01.prefab using Guid(ee17d9afd26027744b8c7d0cc0f25022) Importer(815301076,1909f56bfc062723c751e8b465ee728b)  -> (artifact id: '09ed9953ec3fc99de6259a8c1df7365e') in 0.028477 seconds 
========================================================================
Received Import Request.
  Time since last request: 99.271888 seconds.
  path: Assets/Rock Package
  artifactKey: Guid(db282799ef584144c8a9f53bd74dd3c2) Importer(815301076,1909f56bfc062723c751e8b465ee728b)
Start importing Assets/Rock Package using Guid(db282799ef584144c8a9f53bd74dd3c2) Importer(815301076,1909f56bfc062723c751e8b465ee728b)  -> (artifact id: '9f549d41c2934b3fc8c967966416e4da') in 0.010688 seconds 
========================================================================
Received Import Request.
  Time since last request: 1.182177 seconds.
  path: Assets/Rock Package/Prefabs
  artifactKey: Guid(feeb8f5983993ac4c9b25cf62d82db8c) Importer(815301076,1909f56bfc062723c751e8b465ee728b)
Start importing Assets/Rock Package/Prefabs using Guid(feeb8f5983993ac4c9b25cf62d82db8c) Importer(815301076,1909f56bfc062723c751e8b465ee728b)  -> (artifact id: '00256834320a69ea934371595eb66f70') in 0.007076 seconds 
========================================================================
Received Import Request.
  Time since last request: 0.034597 seconds.
  path: Assets/Rock Package/Prefabs/Rock_01.prefab
  artifactKey: Guid(30b99e7dc1382e346a7f9789de00de5e) Importer(815301076,1909f56bfc062723c751e8b465ee728b)
Start importing Assets/Rock Package/Prefabs/Rock_01.prefab using Guid(30b99e7dc1382e346a7f9789de00de5e) Importer(815301076,1909f56bfc062723c751e8b465ee728b)  -> (artifact id: '80ec0208caa3c651ae5215df1bcfabe4') in 0.158429 seconds 
========================================================================
Received Import Request.
  Time since last request: 0.000027 seconds.
  path: Assets/Rock Package/Prefabs/Rock_06.prefab
  artifactKey: Guid(a649302f8407dd9469e2c5b67b4a0674) Importer(815301076,1909f56bfc062723c751e8b465ee728b)
Start importing Assets/Rock Package/Prefabs/Rock_06.prefab using Guid(a649302f8407dd9469e2c5b67b4a0674) Importer(815301076,1909f56bfc062723c751e8b465ee728b)  -> (artifact id: 'e20dc2b3bc300977aff359dd6a9036e0') in 0.036729 seconds 
========================================================================
Received Import Request.
  Time since last request: 0.000028 seconds.
  path: Assets/Rock Package/Prefabs/Rock_03.prefab
  artifactKey: Guid(75fa8bf3a73ee6b4da0c7a2c6d3db6a1) Importer(815301076,1909f56bfc062723c751e8b465ee728b)
Start importing Assets/Rock Package/Prefabs/Rock_03.prefab using Guid(75fa8bf3a73ee6b4da0c7a2c6d3db6a1) Importer(815301076,1909f56bfc062723c751e8b465ee728b)  -> (artifact id: 'fac9803fd9eb7aff74985cd73f262174') in 0.017721 seconds 
========================================================================
Received Prepare
Cannot set VR devices because the platform passed isn't supported by Unity.
Cannot set VR devices because the platform passed isn't supported by Unity.
Cannot set VR devices because the platform passed isn't supported by Unity.
Cannot set VR devices because the platform passed isn't supported by Unity.
Cannot set VR devices because the platform passed isn't supported by Unity.
Cannot set VR devices because the platform passed isn't supported by Unity.
Cannot set VR devices because the platform passed isn't supported by Unity.
Cannot set VR devices because the platform passed isn't supported by Unity.
Cannot set VR devices because the platform passed isn't supported by Unity.
Cannot set VR devices because the platform passed isn't supported by Unity.
Cannot set VR devices because the platform passed isn't supported by Unity.
Registering precompiled user dll's ...
Registered in 0.008278 seconds.
Begin MonoManager ReloadAssembly
Symbol file LoadedFromMemory doesn't match image C:\Users\Joseph\Documents\Tower-Defense-Pt3\Tower Defense\Library\PackageCache\com.unity.visualscripting@1.7.6\Editor\VisualScripting.Core\Dependencies\YamlDotNet\Unity.VisualScripting.YamlDotNet.dll
Symbol file LoadedFromMemory doesn't match image C:\Users\Joseph\Documents\Tower-Defense-Pt3\Tower Defense\Library\PackageCache\com.unity.visualscripting@1.7.6\Editor\VisualScripting.Core\Dependencies\DotNetZip\Unity.VisualScripting.IonicZip.dll
Native extension for WindowsStandalone target not found
Refreshing native plugins compatible for Editor in 1.88 ms, found 3 plugins.
Preloading 0 native plugins for Editor in 0.00 ms.
Mono: successfully reloaded assembly
- Completed reload, in  1.905 seconds
Domain Reload Profiling:
	ReloadAssembly (1905ms)
		BeginReloadAssembly (144ms)
			ExecutionOrderSort (0ms)
			DisableScriptedObjects (5ms)
			BackupInstance (0ms)
			ReleaseScriptingObjects (0ms)
			CreateAndSetChildDomain (47ms)
		EndReloadAssembly (1649ms)
			LoadAssemblies (102ms)
			RebuildTransferFunctionScriptingTraits (0ms)
			SetupTypeCache (361ms)
			ReleaseScriptCaches (3ms)
			RebuildScriptCaches (81ms)
			SetupLoadedEditorAssemblies (867ms)
				LogAssemblyErrors (0ms)
				InitializePlatformSupportModulesInManaged (20ms)
				SetLoadedEditorAssemblies (1ms)
				RefreshPlugins (2ms)
				BeforeProcessingInitializeOnLoad (130ms)
				ProcessInitializeOnLoadAttributes (570ms)
				ProcessInitializeOnLoadMethodAttributes (134ms)
				AfterProcessingInitializeOnLoad (10ms)
				EditorAssembliesLoaded (0ms)
			ExecutionOrderSort2 (0ms)
			AwakeInstancesAfterBackupRestoration (29ms)
Platform modules already initialized, skipping
Refreshing native plugins compatible for Editor in 1.51 ms, found 3 plugins.
Preloading 0 native plugins for Editor in 0.00 ms.
Unloading 4781 Unused Serialized files (Serialized files now loaded: 0)
Unloading 27 unused Assets / (0.6 MB). Loaded Objects now: 5790.
Memory consumption went from 222.7 MB to 222.1 MB.
Total: 8.185200 ms (FindLiveObjects: 0.519800 ms CreateObjectMapping: 0.939500 ms MarkObjects: 6.351600 ms  DeleteObjects: 0.372300 ms)

AssetImportParameters requested are different than current active one (requested -> active):
  custom:video-decoder-ogg-theora: a1e56fd34408186e4bbccfd4996cb3dc -> 
  custom:container-muxer-webm: aa71ff27fc2769a1b78a27578f13a17b -> 
  custom:container-demuxer-webm: 4f35f7cbe854078d1ac9338744f61a02 -> 
  custom:video-encoder-webm-vp8: eb34c28f22e8b96e1ab97ce403110664 -> 
  custom:audio-encoder-webm-vorbis: bf7c407c2cedff20999df2af8eb42d56 -> 
  custom:framework-win-MediaFoundation: 216162199b28c13a410421893ffa2e32 -> 
  custom:container-demuxer-ogg: 62fdf1f143b41e24485cea50d1cbac27 -> 
  custom:video-decoder-webm-vp8: 9c59270c3fd7afecdb556c50c9e8de78 -> 
  custom:audio-decoder-ogg-vorbis: bf7c407c2cedff20999df2af8eb42d56 -> 
========================================================================
Received Prepare
Cannot set VR devices because the platform passed isn't supported by Unity.
Cannot set VR devices because the platform passed isn't supported by Unity.
Cannot set VR devices because the platform passed isn't supported by Unity.
Cannot set VR devices because the platform passed isn't supported by Unity.
Cannot set VR devices because the platform passed isn't supported by Unity.
Cannot set VR devices because the platform passed isn't supported by Unity.
Cannot set VR devices because the platform passed isn't supported by Unity.
Cannot set VR devices because the platform passed isn't supported by Unity.
Cannot set VR devices because the platform passed isn't supported by Unity.
Cannot set VR devices because the platform passed isn't supported by Unity.
Cannot set VR devices because the platform passed isn't supported by Unity.
Registering precompiled user dll's ...
Registered in 0.007909 seconds.
Begin MonoManager ReloadAssembly
Symbol file LoadedFromMemory doesn't match image C:\Users\Joseph\Documents\Tower-Defense-Pt3\Tower Defense\Library\PackageCache\com.unity.visualscripting@1.7.6\Editor\VisualScripting.Core\Dependencies\YamlDotNet\Unity.VisualScripting.YamlDotNet.dll
Symbol file LoadedFromMemory doesn't match image C:\Users\Joseph\Documents\Tower-Defense-Pt3\Tower Defense\Library\PackageCache\com.unity.visualscripting@1.7.6\Editor\VisualScripting.Core\Dependencies\DotNetZip\Unity.VisualScripting.IonicZip.dll
Native extension for WindowsStandalone target not found
Refreshing native plugins compatible for Editor in 1.96 ms, found 3 plugins.
Preloading 0 native plugins for Editor in 0.00 ms.
Mono: successfully reloaded assembly
- Completed reload, in  1.890 seconds
Domain Reload Profiling:
	ReloadAssembly (1891ms)
		BeginReloadAssembly (158ms)
			ExecutionOrderSort (0ms)
			DisableScriptedObjects (10ms)
			BackupInstance (0ms)
			ReleaseScriptingObjects (0ms)
			CreateAndSetChildDomain (46ms)
		EndReloadAssembly (1605ms)
			LoadAssemblies (108ms)
			RebuildTransferFunctionScriptingTraits (0ms)
			SetupTypeCache (418ms)
			ReleaseScriptCaches (4ms)
			RebuildScriptCaches (84ms)
			SetupLoadedEditorAssemblies (891ms)
				LogAssemblyErrors (0ms)
				InitializePlatformSupportModulesInManaged (20ms)
				SetLoadedEditorAssemblies (1ms)
				RefreshPlugins (2ms)
				BeforeProcessingInitializeOnLoad (127ms)
				ProcessInitializeOnLoadAttributes (604ms)
				ProcessInitializeOnLoadMethodAttributes (125ms)
				AfterProcessingInitializeOnLoad (12ms)
				EditorAssembliesLoaded (0ms)
			ExecutionOrderSort2 (0ms)
			AwakeInstancesAfterBackupRestoration (28ms)
Platform modules already initialized, skipping
Refreshing native plugins compatible for Editor in 1.84 ms, found 3 plugins.
Preloading 0 native plugins for Editor in 0.00 ms.
Unloading 4768 Unused Serialized files (Serialized files now loaded: 0)
Unloading 27 unused Assets / (0.6 MB). Loaded Objects now: 5792.
Memory consumption went from 222.3 MB to 221.7 MB.
Total: 8.450900 ms (FindLiveObjects: 0.803300 ms CreateObjectMapping: 1.099400 ms MarkObjects: 5.821900 ms  DeleteObjects: 0.723900 ms)

AssetImportParameters requested are different than current active one (requested -> active):
  custom:video-decoder-ogg-theora: a1e56fd34408186e4bbccfd4996cb3dc -> 
  custom:container-muxer-webm: aa71ff27fc2769a1b78a27578f13a17b -> 
  custom:container-demuxer-webm: 4f35f7cbe854078d1ac9338744f61a02 -> 
  custom:video-encoder-webm-vp8: eb34c28f22e8b96e1ab97ce403110664 -> 
  custom:audio-encoder-webm-vorbis: bf7c407c2cedff20999df2af8eb42d56 -> 
  custom:framework-win-MediaFoundation: 216162199b28c13a410421893ffa2e32 -> 
  custom:container-demuxer-ogg: 62fdf1f143b41e24485cea50d1cbac27 -> 
  custom:video-decoder-webm-vp8: 9c59270c3fd7afecdb556c50c9e8de78 -> 
  custom:audio-decoder-ogg-vorbis: bf7c407c2cedff20999df2af8eb42d56 -> 
