Using pre-set license
Built from '2021.2/staging' branch; Version is '2021.2.10f1 (ee872746220e) revision 15632167'; Using compiler version '192829333'; Build Type 'Release'
OS: 'Windows 11  (10.0.22621) 64bit Core' Language: 'en' Physical Memory: 16257 MB
BatchMode: 1, IsHumanControllingUs: 0, StartBugReporterOnCrash: 0, Is64bit: 1, IsPro: 0

COMMAND LINE ARGUMENTS:
C:\Program Files\Unity\Hub\Editor\2021.2.10f1\Editor\Unity.exe
-adb2
-batchMode
-noUpm
-name
AssetImportWorker5
-projectPath
C:/Users/Joseph/Documents/Tower-Defense-Pt3/Tower Defense
-logFile
Logs/AssetImportWorker5.log
-srvPort
59386
Successfully changed project path to: C:/Users/Joseph/Documents/Tower-Defense-Pt3/Tower Defense
C:/Users/Joseph/Documents/Tower-Defense-Pt3/Tower Defense
[UnityMemory] Configuration Parameters - Can be set up in boot.config
    "memorysetup-bucket-allocator-granularity=16"
    "memorysetup-bucket-allocator-bucket-count=8"
    "memorysetup-bucket-allocator-block-size=33554432"
    "memorysetup-bucket-allocator-block-count=8"
    "memorysetup-main-allocator-block-size=16777216"
    "memorysetup-thread-allocator-block-size=16777216"
    "memorysetup-gfx-main-allocator-block-size=16777216"
    "memorysetup-gfx-thread-allocator-block-size=16777216"
    "memorysetup-cache-allocator-block-size=4194304"
    "memorysetup-typetree-allocator-block-size=2097152"
    "memorysetup-profiler-bucket-allocator-granularity=16"
    "memorysetup-profiler-bucket-allocator-bucket-count=8"
    "memorysetup-profiler-bucket-allocator-block-size=33554432"
    "memorysetup-profiler-bucket-allocator-block-count=8"
    "memorysetup-profiler-allocator-block-size=16777216"
    "memorysetup-profiler-editor-allocator-block-size=1048576"
    "memorysetup-temp-allocator-size-main=16777216"
    "memorysetup-job-temp-allocator-block-size=2097152"
    "memorysetup-job-temp-allocator-block-size-background=1048576"
    "memorysetup-job-temp-allocator-reduction-small-platforms=262144"
    "memorysetup-temp-allocator-size-background-worker=32768"
    "memorysetup-temp-allocator-size-job-worker=262144"
    "memorysetup-temp-allocator-size-preload-manager=33554432"
    "memorysetup-temp-allocator-size-nav-mesh-worker=65536"
    "memorysetup-temp-allocator-size-audio-worker=65536"
    "memorysetup-temp-allocator-size-cloud-worker=32768"
    "memorysetup-temp-allocator-size-gi-baking-worker=262144"
    "memorysetup-temp-allocator-size-gfx=262144"
Cannot set VR devices because the platform passed isn't supported by Unity.
Cannot set VR devices because the platform passed isn't supported by Unity.
Cannot set VR devices because the platform passed isn't supported by Unity.
Cannot set VR devices because the platform passed isn't supported by Unity.
Cannot set VR devices because the platform passed isn't supported by Unity.
Cannot set VR devices because the platform passed isn't supported by Unity.
Cannot set VR devices because the platform passed isn't supported by Unity.
Cannot set VR devices because the platform passed isn't supported by Unity.
Cannot set VR devices because the platform passed isn't supported by Unity.
Cannot set VR devices because the platform passed isn't supported by Unity.
Cannot set VR devices because the platform passed isn't supported by Unity.
Refreshing native plugins compatible for Editor in 119.48 ms, found 3 plugins.
Preloading 0 native plugins for Editor in 0.00 ms.
Initialize engine version: 2021.2.10f1 (ee872746220e)
[Subsystems] Discovering subsystems at path C:/Program Files/Unity/Hub/Editor/2021.2.10f1/Editor/Data/Resources/UnitySubsystems
[Subsystems] Discovering subsystems at path C:/Users/Joseph/Documents/Tower-Defense-Pt3/Tower Defense/Assets
GfxDevice: creating device client; threaded=0; jobified=0
Direct3D:
    Version:  Direct3D 11.0 [level 11.1]
    Renderer: Intel(R) UHD Graphics 630 (ID=0x3e9b)
    Vendor:   Intel
    VRAM:     8128 MB
    Driver:   27.20.100.8729
Initialize mono
Mono path[0] = 'C:/Program Files/Unity/Hub/Editor/2021.2.10f1/Editor/Data/Managed'
Mono path[1] = 'C:/Program Files/Unity/Hub/Editor/2021.2.10f1/Editor/Data/MonoBleedingEdge/lib/mono/unityjit-win32'
Mono config path = 'C:/Program Files/Unity/Hub/Editor/2021.2.10f1/Editor/Data/MonoBleedingEdge/etc'
Using monoOptions --debugger-agent=transport=dt_socket,embedding=1,server=y,suspend=n,address=127.0.0.1:56316
Begin MonoManager ReloadAssembly
Registering precompiled unity dll's ...
Register platform support module: C:/Program Files/Unity/Hub/Editor/2021.2.10f1/Editor/Data/PlaybackEngines/WindowsStandaloneSupport/UnityEditor.WindowsStandalone.Extensions.dll
Registered in 0.004871 seconds.
Native extension for WindowsStandalone target not found
Refreshing native plugins compatible for Editor in 102.10 ms, found 3 plugins.
Preloading 0 native plugins for Editor in 0.00 ms.
Mono: successfully reloaded assembly
- Completed reload, in  0.678 seconds
Domain Reload Profiling:
	ReloadAssembly (679ms)
		BeginReloadAssembly (76ms)
			ExecutionOrderSort (0ms)
			DisableScriptedObjects (0ms)
			BackupInstance (0ms)
			ReleaseScriptingObjects (0ms)
			CreateAndSetChildDomain (1ms)
		EndReloadAssembly (521ms)
			LoadAssemblies (74ms)
			RebuildTransferFunctionScriptingTraits (0ms)
			SetupTypeCache (110ms)
			ReleaseScriptCaches (0ms)
			RebuildScriptCaches (31ms)
			SetupLoadedEditorAssemblies (324ms)
				LogAssemblyErrors (0ms)
				InitializePlatformSupportModulesInManaged (16ms)
				SetLoadedEditorAssemblies (0ms)
				RefreshPlugins (102ms)
				BeforeProcessingInitializeOnLoad (1ms)
				ProcessInitializeOnLoadAttributes (155ms)
				ProcessInitializeOnLoadMethodAttributes (49ms)
				AfterProcessingInitializeOnLoad (0ms)
				EditorAssembliesLoaded (0ms)
			ExecutionOrderSort2 (0ms)
			AwakeInstancesAfterBackupRestoration (0ms)
Platform modules already initialized, skipping
Registering precompiled user dll's ...
Registered in 0.008187 seconds.
Begin MonoManager ReloadAssembly
Symbol file LoadedFromMemory doesn't match image C:\Users\Joseph\Documents\Tower-Defense-Pt3\Tower Defense\Library\PackageCache\com.unity.visualscripting@1.7.6\Editor\VisualScripting.Core\Dependencies\YamlDotNet\Unity.VisualScripting.YamlDotNet.dll
Symbol file LoadedFromMemory doesn't match image C:\Users\Joseph\Documents\Tower-Defense-Pt3\Tower Defense\Library\PackageCache\com.unity.visualscripting@1.7.6\Editor\VisualScripting.Core\Dependencies\DotNetZip\Unity.VisualScripting.IonicZip.dll
Native extension for WindowsStandalone target not found
Refreshing native plugins compatible for Editor in 103.15 ms, found 3 plugins.
Preloading 0 native plugins for Editor in 0.00 ms.
Mono: successfully reloaded assembly
- Completed reload, in  1.842 seconds
Domain Reload Profiling:
	ReloadAssembly (1843ms)
		BeginReloadAssembly (124ms)
			ExecutionOrderSort (0ms)
			DisableScriptedObjects (6ms)
			BackupInstance (0ms)
			ReleaseScriptingObjects (0ms)
			CreateAndSetChildDomain (20ms)
		EndReloadAssembly (1615ms)
			LoadAssemblies (89ms)
			RebuildTransferFunctionScriptingTraits (0ms)
			SetupTypeCache (284ms)
			ReleaseScriptCaches (1ms)
			RebuildScriptCaches (65ms)
			SetupLoadedEditorAssemblies (1135ms)
				LogAssemblyErrors (0ms)
				InitializePlatformSupportModulesInManaged (11ms)
				SetLoadedEditorAssemblies (0ms)
				RefreshPlugins (103ms)
				BeforeProcessingInitializeOnLoad (108ms)
				ProcessInitializeOnLoadAttributes (827ms)
				ProcessInitializeOnLoadMethodAttributes (78ms)
				AfterProcessingInitializeOnLoad (7ms)
				EditorAssembliesLoaded (0ms)
			ExecutionOrderSort2 (0ms)
			AwakeInstancesAfterBackupRestoration (7ms)
Platform modules already initialized, skipping
========================================================================
Worker process is ready to serve import requests
Cannot set VR devices because the platform passed isn't supported by Unity.
Cannot set VR devices because the platform passed isn't supported by Unity.
Cannot set VR devices because the platform passed isn't supported by Unity.
Cannot set VR devices because the platform passed isn't supported by Unity.
Cannot set VR devices because the platform passed isn't supported by Unity.
Cannot set VR devices because the platform passed isn't supported by Unity.
Cannot set VR devices because the platform passed isn't supported by Unity.
Cannot set VR devices because the platform passed isn't supported by Unity.
Cannot set VR devices because the platform passed isn't supported by Unity.
Cannot set VR devices because the platform passed isn't supported by Unity.
Cannot set VR devices because the platform passed isn't supported by Unity.
Launched and connected shader compiler UnityShaderCompiler.exe after 0.05 seconds
Refreshing native plugins compatible for Editor in 0.79 ms, found 3 plugins.
Preloading 0 native plugins for Editor in 0.00 ms.
Unloading 4842 Unused Serialized files (Serialized files now loaded: 0)
Unloading 32 unused Assets / (0.7 MB). Loaded Objects now: 5318.
Memory consumption went from 201.5 MB to 200.9 MB.
Total: 5.757100 ms (FindLiveObjects: 0.610400 ms CreateObjectMapping: 0.560000 ms MarkObjects: 4.082900 ms  DeleteObjects: 0.501600 ms)

AssetImportParameters requested are different than current active one (requested -> active):
  custom:video-decoder-ogg-theora: a1e56fd34408186e4bbccfd4996cb3dc -> 
  custom:container-muxer-webm: aa71ff27fc2769a1b78a27578f13a17b -> 
  custom:container-demuxer-webm: 4f35f7cbe854078d1ac9338744f61a02 -> 
  custom:video-encoder-webm-vp8: eb34c28f22e8b96e1ab97ce403110664 -> 
  custom:audio-encoder-webm-vorbis: bf7c407c2cedff20999df2af8eb42d56 -> 
  custom:framework-win-MediaFoundation: 216162199b28c13a410421893ffa2e32 -> 
  custom:container-demuxer-ogg: 62fdf1f143b41e24485cea50d1cbac27 -> 
  custom:video-decoder-webm-vp8: 9c59270c3fd7afecdb556c50c9e8de78 -> 
  custom:audio-decoder-ogg-vorbis: bf7c407c2cedff20999df2af8eb42d56 -> 
========================================================================
Received Import Request.
  Time since last request: 65273.766596 seconds.
  path: Assets/Imports/Standard Turret/Materials_Upgraded/Turret_Upgraded_Main.mat
  artifactKey: Guid(d6afbabf7aab242498205e6310a0f6d0) Importer(815301076,1909f56bfc062723c751e8b465ee728b)
Start importing Assets/Imports/Standard Turret/Materials_Upgraded/Turret_Upgraded_Main.mat using Guid(d6afbabf7aab242498205e6310a0f6d0) Importer(815301076,1909f56bfc062723c751e8b465ee728b)  -> (artifact id: '6c8dba71b4b096760111d9310e2528aa') in 0.143578 seconds 
========================================================================
Received Import Request.
  Time since last request: 77.168529 seconds.
  path: Assets/3D Haven/Free Fantasy Terrain Textures/Textures/1K Resolution/3DH FTT Dirt_001 1K.png
  artifactKey: Guid(c009ad1b59944934bb5993b02d4298f8) Importer(815301076,1909f56bfc062723c751e8b465ee728b)
Start importing Assets/3D Haven/Free Fantasy Terrain Textures/Textures/1K Resolution/3DH FTT Dirt_001 1K.png using Guid(c009ad1b59944934bb5993b02d4298f8) Importer(815301076,1909f56bfc062723c751e8b465ee728b)  -> (artifact id: 'fba0c801bd9275abb3c2fa73196c841c') in 0.065954 seconds 
========================================================================
Received Import Request.
  Time since last request: 0.000030 seconds.
  path: Assets/3D Haven/Free Fantasy Terrain Textures/Textures/1K Resolution/3DH FTT Grass_002 Grass_001a 1K.png
  artifactKey: Guid(fb7a67e29d5a64147b5cb3ee6cae2210) Importer(815301076,1909f56bfc062723c751e8b465ee728b)
Start importing Assets/3D Haven/Free Fantasy Terrain Textures/Textures/1K Resolution/3DH FTT Grass_002 Grass_001a 1K.png using Guid(fb7a67e29d5a64147b5cb3ee6cae2210) Importer(815301076,1909f56bfc062723c751e8b465ee728b)  -> (artifact id: '861d662e7e493c944697f1ea0bac5814') in 0.015302 seconds 
========================================================================
Received Import Request.
  Time since last request: 0.000021 seconds.
  path: Assets/3D Haven/Free Fantasy Terrain Textures/Textures/1K Resolution/3DH FTT Path_001 1K.png
  artifactKey: Guid(328744a432075d64eb27996e4ff7c550) Importer(815301076,1909f56bfc062723c751e8b465ee728b)
Start importing Assets/3D Haven/Free Fantasy Terrain Textures/Textures/1K Resolution/3DH FTT Path_001 1K.png using Guid(328744a432075d64eb27996e4ff7c550) Importer(815301076,1909f56bfc062723c751e8b465ee728b)  -> (artifact id: '2edd95581269c3b3dd4cf4f2acbb9146') in 0.014380 seconds 
========================================================================
Received Import Request.
  Time since last request: 0.000023 seconds.
  path: Assets/3D Haven/Free Fantasy Terrain Textures/Textures/1K Resolution/3DH FTT Rocks_001_Mossy 1K.png
  artifactKey: Guid(6981165247b02434ba1723a379fd0a0c) Importer(815301076,1909f56bfc062723c751e8b465ee728b)
Start importing Assets/3D Haven/Free Fantasy Terrain Textures/Textures/1K Resolution/3DH FTT Rocks_001_Mossy 1K.png using Guid(6981165247b02434ba1723a379fd0a0c) Importer(815301076,1909f56bfc062723c751e8b465ee728b)  -> (artifact id: 'fb0234e2f07aa7c7d189c14d63ee11de') in 0.014089 seconds 
========================================================================
Received Import Request.
  Time since last request: 0.000027 seconds.
  path: Assets/3D Haven/Free Fantasy Terrain Textures/Textures/1K Resolution/3DH FTT Grass_002 Dirt_001 1K.png
  artifactKey: Guid(f5912f36d334ed541baa86076c53f4fa) Importer(815301076,1909f56bfc062723c751e8b465ee728b)
Start importing Assets/3D Haven/Free Fantasy Terrain Textures/Textures/1K Resolution/3DH FTT Grass_002 Dirt_001 1K.png using Guid(f5912f36d334ed541baa86076c53f4fa) Importer(815301076,1909f56bfc062723c751e8b465ee728b)  -> (artifact id: 'f013115b970f9ad125a3632a068f119b') in 0.014631 seconds 
========================================================================
Received Import Request.
  Time since last request: 0.000027 seconds.
  path: Assets/3D Haven/Free Fantasy Terrain Textures/Textures/1K Resolution/3DH FTT Path_001 Abandoned_004 1K.png
  artifactKey: Guid(c5f895b6ca1a7ad4c85b14534bf254ae) Importer(815301076,1909f56bfc062723c751e8b465ee728b)
Start importing Assets/3D Haven/Free Fantasy Terrain Textures/Textures/1K Resolution/3DH FTT Path_001 Abandoned_004 1K.png using Guid(c5f895b6ca1a7ad4c85b14534bf254ae) Importer(815301076,1909f56bfc062723c751e8b465ee728b)  -> (artifact id: '56feebccfe1472ae5b1a7bceb7b2f407') in 0.024739 seconds 
========================================================================
Received Import Request.
  Time since last request: 0.000025 seconds.
  path: Assets/3D Haven/Free Fantasy Terrain Textures/Textures/1K Resolution/3DH FTT Path_001 Abandoned_002 1K.png
  artifactKey: Guid(ba9569097e4cc2e4a821e2521bffe3a1) Importer(815301076,1909f56bfc062723c751e8b465ee728b)
Start importing Assets/3D Haven/Free Fantasy Terrain Textures/Textures/1K Resolution/3DH FTT Path_001 Abandoned_002 1K.png using Guid(ba9569097e4cc2e4a821e2521bffe3a1) Importer(815301076,1909f56bfc062723c751e8b465ee728b)  -> (artifact id: '48b319983004a38517e88a48d775cc2e') in 0.017151 seconds 
========================================================================
Received Import Request.
  Time since last request: 0.000017 seconds.
  path: Assets/3D Haven/Free Fantasy Terrain Textures/Textures/1K Resolution/3DH FTT Grass_002 Grass_001b 1K.png
  artifactKey: Guid(556ed1640f07dc64a9fab8feb93f49d0) Importer(815301076,1909f56bfc062723c751e8b465ee728b)
Start importing Assets/3D Haven/Free Fantasy Terrain Textures/Textures/1K Resolution/3DH FTT Grass_002 Grass_001b 1K.png using Guid(556ed1640f07dc64a9fab8feb93f49d0) Importer(815301076,1909f56bfc062723c751e8b465ee728b)  -> (artifact id: '1a02a4f0d85cce55d9508d3afbcada4f') in 0.014879 seconds 
========================================================================
Received Import Request.
  Time since last request: 0.000030 seconds.
  path: Assets/3D Haven/Free Fantasy Terrain Textures/Textures/1K Resolution/3DH FTT Sand_001 1K.png
  artifactKey: Guid(937e2b9ff53f9894b87e3d6d1954ccd7) Importer(815301076,1909f56bfc062723c751e8b465ee728b)
Start importing Assets/3D Haven/Free Fantasy Terrain Textures/Textures/1K Resolution/3DH FTT Sand_001 1K.png using Guid(937e2b9ff53f9894b87e3d6d1954ccd7) Importer(815301076,1909f56bfc062723c751e8b465ee728b)  -> (artifact id: 'fcdc75e298edd6834b447c17d2b39eda') in 0.016772 seconds 
========================================================================
Received Import Request.
  Time since last request: 59.390623 seconds.
  path: Assets/3D Haven/Free Fantasy Terrain Textures/Textures/2K Resolution/3DH FTT Dirt_001_Mossy 2K.png
  artifactKey: Guid(dd33316c57fc4bc448dfc298b113a4f0) Importer(815301076,1909f56bfc062723c751e8b465ee728b)
Start importing Assets/3D Haven/Free Fantasy Terrain Textures/Textures/2K Resolution/3DH FTT Dirt_001_Mossy 2K.png using Guid(dd33316c57fc4bc448dfc298b113a4f0) Importer(815301076,1909f56bfc062723c751e8b465ee728b)  -> (artifact id: 'e744ca197e652c0314423811975bce12') in 0.027765 seconds 
========================================================================
Received Import Request.
  Time since last request: 0.000023 seconds.
  path: Assets/3D Haven/Free Fantasy Terrain Textures/Textures/2K Resolution/3DH FTT ForestGround_001 2K.png
  artifactKey: Guid(c001fc0c195f3974fb817b2f995d54c9) Importer(815301076,1909f56bfc062723c751e8b465ee728b)
Start importing Assets/3D Haven/Free Fantasy Terrain Textures/Textures/2K Resolution/3DH FTT ForestGround_001 2K.png using Guid(c001fc0c195f3974fb817b2f995d54c9) Importer(815301076,1909f56bfc062723c751e8b465ee728b)  -> (artifact id: '99e1e6f4a94c000b075fb97a2edf5fcd') in 0.016428 seconds 
========================================================================
Received Import Request.
  Time since last request: 0.000023 seconds.
  path: Assets/3D Haven/Free Fantasy Terrain Textures/Textures/2K Resolution/3DH FTT Grass_002 Dirt_001 2K.png
  artifactKey: Guid(179e0c2aaf5171543a52e98d8e15360f) Importer(815301076,1909f56bfc062723c751e8b465ee728b)
Start importing Assets/3D Haven/Free Fantasy Terrain Textures/Textures/2K Resolution/3DH FTT Grass_002 Dirt_001 2K.png using Guid(179e0c2aaf5171543a52e98d8e15360f) Importer(815301076,1909f56bfc062723c751e8b465ee728b)  -> (artifact id: '1ac597b4cce48ef91116f6fe5de150f0') in 0.021323 seconds 
========================================================================
Received Import Request.
  Time since last request: 0.000029 seconds.
  path: Assets/3D Haven/Free Fantasy Terrain Textures/Textures/2K Resolution/3DH FTT Sand_001 2K.png
  artifactKey: Guid(1294c03d8a368554486b73ee57230068) Importer(815301076,1909f56bfc062723c751e8b465ee728b)
Start importing Assets/3D Haven/Free Fantasy Terrain Textures/Textures/2K Resolution/3DH FTT Sand_001 2K.png using Guid(1294c03d8a368554486b73ee57230068) Importer(815301076,1909f56bfc062723c751e8b465ee728b)  -> (artifact id: '9da2335a7f76de0805b05981b48aa1a0') in 0.020784 seconds 
========================================================================
Received Import Request.
  Time since last request: 0.000029 seconds.
  path: Assets/3D Haven/Free Fantasy Terrain Textures/Textures/2K Resolution/3DH FTT Path_001 ForestGround_001 2K.png
  artifactKey: Guid(5fc895f5044dd9f46a5ec9e4725cf3a2) Importer(815301076,1909f56bfc062723c751e8b465ee728b)
Start importing Assets/3D Haven/Free Fantasy Terrain Textures/Textures/2K Resolution/3DH FTT Path_001 ForestGround_001 2K.png using Guid(5fc895f5044dd9f46a5ec9e4725cf3a2) Importer(815301076,1909f56bfc062723c751e8b465ee728b)  -> (artifact id: '096e76ba17ac064c93abe7a5c09805a7') in 0.041254 seconds 
========================================================================
Received Import Request.
  Time since last request: 0.000019 seconds.
  path: Assets/3D Haven/Free Fantasy Terrain Textures/Textures/2K Resolution/3DH FTT Dirt_002a 2K.png
  artifactKey: Guid(0007e64d18d7db14c8e3543c4861e608) Importer(815301076,1909f56bfc062723c751e8b465ee728b)
Start importing Assets/3D Haven/Free Fantasy Terrain Textures/Textures/2K Resolution/3DH FTT Dirt_002a 2K.png using Guid(0007e64d18d7db14c8e3543c4861e608) Importer(815301076,1909f56bfc062723c751e8b465ee728b)  -> (artifact id: '05047203d8b1392d7ce1a20d22fe2437') in 0.039963 seconds 
========================================================================
Received Import Request.
  Time since last request: 0.000022 seconds.
  path: Assets/3D Haven/Free Fantasy Terrain Textures/Textures/2K Resolution/3DH FTT Grass_002 Rocks_001 2K.png
  artifactKey: Guid(8db2f4c31f3614741afc75520919d060) Importer(815301076,1909f56bfc062723c751e8b465ee728b)
Start importing Assets/3D Haven/Free Fantasy Terrain Textures/Textures/2K Resolution/3DH FTT Grass_002 Rocks_001 2K.png using Guid(8db2f4c31f3614741afc75520919d060) Importer(815301076,1909f56bfc062723c751e8b465ee728b)  -> (artifact id: 'cab54c0dcf42f0a6385575c70408c26d') in 0.032285 seconds 
Editor requested this worker to shutdown with reason: Scaling down because of idle timeout
AssetImportWorker is now disconnected from the server
Process exiting
Exiting without the bug reporter. Application will terminate with return code 0