Using pre-set license
Built from '2021.2/staging' branch; Version is '2021.2.10f1 (ee872746220e) revision 15632167'; Using compiler version '192829333'; Build Type 'Release'
OS: 'Windows 11  (10.0.22621) 64bit Core' Language: 'en' Physical Memory: 16257 MB
BatchMode: 1, IsHumanControllingUs: 0, StartBugReporterOnCrash: 0, Is64bit: 1, IsPro: 0

COMMAND LINE ARGUMENTS:
C:\Program Files\Unity\Hub\Editor\2021.2.10f1\Editor\Unity.exe
-adb2
-batchMode
-noUpm
-name
AssetImportWorker1
-projectPath
C:/Users/Joseph/Documents/Tower-Defense-Pt3/Tower Defense
-logFile
Logs/AssetImportWorker1.log
-srvPort
59386
Successfully changed project path to: C:/Users/Joseph/Documents/Tower-Defense-Pt3/Tower Defense
C:/Users/Joseph/Documents/Tower-Defense-Pt3/Tower Defense
[UnityMemory] Configuration Parameters - Can be set up in boot.config
    "memorysetup-bucket-allocator-granularity=16"
    "memorysetup-bucket-allocator-bucket-count=8"
    "memorysetup-bucket-allocator-block-size=33554432"
    "memorysetup-bucket-allocator-block-count=8"
    "memorysetup-main-allocator-block-size=16777216"
    "memorysetup-thread-allocator-block-size=16777216"
    "memorysetup-gfx-main-allocator-block-size=16777216"
    "memorysetup-gfx-thread-allocator-block-size=16777216"
    "memorysetup-cache-allocator-block-size=4194304"
    "memorysetup-typetree-allocator-block-size=2097152"
    "memorysetup-profiler-bucket-allocator-granularity=16"
    "memorysetup-profiler-bucket-allocator-bucket-count=8"
    "memorysetup-profiler-bucket-allocator-block-size=33554432"
    "memorysetup-profiler-bucket-allocator-block-count=8"
    "memorysetup-profiler-allocator-block-size=16777216"
    "memorysetup-profiler-editor-allocator-block-size=1048576"
    "memorysetup-temp-allocator-size-main=16777216"
    "memorysetup-job-temp-allocator-block-size=2097152"
    "memorysetup-job-temp-allocator-block-size-background=1048576"
    "memorysetup-job-temp-allocator-reduction-small-platforms=262144"
    "memorysetup-temp-allocator-size-background-worker=32768"
    "memorysetup-temp-allocator-size-job-worker=262144"
    "memorysetup-temp-allocator-size-preload-manager=33554432"
    "memorysetup-temp-allocator-size-nav-mesh-worker=65536"
    "memorysetup-temp-allocator-size-audio-worker=65536"
    "memorysetup-temp-allocator-size-cloud-worker=32768"
    "memorysetup-temp-allocator-size-gi-baking-worker=262144"
    "memorysetup-temp-allocator-size-gfx=262144"
Cannot set VR devices because the platform passed isn't supported by Unity.
Cannot set VR devices because the platform passed isn't supported by Unity.
Cannot set VR devices because the platform passed isn't supported by Unity.
Cannot set VR devices because the platform passed isn't supported by Unity.
Cannot set VR devices because the platform passed isn't supported by Unity.
Cannot set VR devices because the platform passed isn't supported by Unity.
Cannot set VR devices because the platform passed isn't supported by Unity.
Cannot set VR devices because the platform passed isn't supported by Unity.
Cannot set VR devices because the platform passed isn't supported by Unity.
Cannot set VR devices because the platform passed isn't supported by Unity.
Cannot set VR devices because the platform passed isn't supported by Unity.
Refreshing native plugins compatible for Editor in 131.48 ms, found 3 plugins.
Preloading 0 native plugins for Editor in 0.00 ms.
Initialize engine version: 2021.2.10f1 (ee872746220e)
[Subsystems] Discovering subsystems at path C:/Program Files/Unity/Hub/Editor/2021.2.10f1/Editor/Data/Resources/UnitySubsystems
[Subsystems] Discovering subsystems at path C:/Users/Joseph/Documents/Tower-Defense-Pt3/Tower Defense/Assets
GfxDevice: creating device client; threaded=0; jobified=0
Direct3D:
    Version:  Direct3D 11.0 [level 11.1]
    Renderer: Intel(R) UHD Graphics 630 (ID=0x3e9b)
    Vendor:   Intel
    VRAM:     8128 MB
    Driver:   27.20.100.8729
Initialize mono
Mono path[0] = 'C:/Program Files/Unity/Hub/Editor/2021.2.10f1/Editor/Data/Managed'
Mono path[1] = 'C:/Program Files/Unity/Hub/Editor/2021.2.10f1/Editor/Data/MonoBleedingEdge/lib/mono/unityjit-win32'
Mono config path = 'C:/Program Files/Unity/Hub/Editor/2021.2.10f1/Editor/Data/MonoBleedingEdge/etc'
Using monoOptions --debugger-agent=transport=dt_socket,embedding=1,server=y,suspend=n,address=127.0.0.1:56672
Begin MonoManager ReloadAssembly
Registering precompiled unity dll's ...
Register platform support module: C:/Program Files/Unity/Hub/Editor/2021.2.10f1/Editor/Data/PlaybackEngines/WindowsStandaloneSupport/UnityEditor.WindowsStandalone.Extensions.dll
Registered in 0.005173 seconds.
Native extension for WindowsStandalone target not found
Refreshing native plugins compatible for Editor in 103.81 ms, found 3 plugins.
Preloading 0 native plugins for Editor in 0.00 ms.
Mono: successfully reloaded assembly
- Completed reload, in  0.803 seconds
Domain Reload Profiling:
	ReloadAssembly (804ms)
		BeginReloadAssembly (106ms)
			ExecutionOrderSort (0ms)
			DisableScriptedObjects (0ms)
			BackupInstance (0ms)
			ReleaseScriptingObjects (0ms)
			CreateAndSetChildDomain (1ms)
		EndReloadAssembly (596ms)
			LoadAssemblies (102ms)
			RebuildTransferFunctionScriptingTraits (0ms)
			SetupTypeCache (121ms)
			ReleaseScriptCaches (0ms)
			RebuildScriptCaches (50ms)
			SetupLoadedEditorAssemblies (361ms)
				LogAssemblyErrors (0ms)
				InitializePlatformSupportModulesInManaged (16ms)
				SetLoadedEditorAssemblies (0ms)
				RefreshPlugins (104ms)
				BeforeProcessingInitializeOnLoad (1ms)
				ProcessInitializeOnLoadAttributes (176ms)
				ProcessInitializeOnLoadMethodAttributes (63ms)
				AfterProcessingInitializeOnLoad (0ms)
				EditorAssembliesLoaded (0ms)
			ExecutionOrderSort2 (0ms)
			AwakeInstancesAfterBackupRestoration (0ms)
Platform modules already initialized, skipping
Registering precompiled user dll's ...
Registered in 0.009180 seconds.
Begin MonoManager ReloadAssembly
Symbol file LoadedFromMemory doesn't match image C:\Users\Joseph\Documents\Tower-Defense-Pt3\Tower Defense\Library\PackageCache\com.unity.visualscripting@1.7.6\Editor\VisualScripting.Core\Dependencies\YamlDotNet\Unity.VisualScripting.YamlDotNet.dll
Symbol file LoadedFromMemory doesn't match image C:\Users\Joseph\Documents\Tower-Defense-Pt3\Tower Defense\Library\PackageCache\com.unity.visualscripting@1.7.6\Editor\VisualScripting.Core\Dependencies\DotNetZip\Unity.VisualScripting.IonicZip.dll
Native extension for WindowsStandalone target not found
Refreshing native plugins compatible for Editor in 103.32 ms, found 3 plugins.
Preloading 0 native plugins for Editor in 0.00 ms.
Mono: successfully reloaded assembly
- Completed reload, in  2.105 seconds
Domain Reload Profiling:
	ReloadAssembly (2105ms)
		BeginReloadAssembly (151ms)
			ExecutionOrderSort (0ms)
			DisableScriptedObjects (11ms)
			BackupInstance (0ms)
			ReleaseScriptingObjects (0ms)
			CreateAndSetChildDomain (21ms)
		EndReloadAssembly (1847ms)
			LoadAssemblies (110ms)
			RebuildTransferFunctionScriptingTraits (0ms)
			SetupTypeCache (383ms)
			ReleaseScriptCaches (1ms)
			RebuildScriptCaches (63ms)
			SetupLoadedEditorAssemblies (1232ms)
				LogAssemblyErrors (0ms)
				InitializePlatformSupportModulesInManaged (14ms)
				SetLoadedEditorAssemblies (0ms)
				RefreshPlugins (103ms)
				BeforeProcessingInitializeOnLoad (108ms)
				ProcessInitializeOnLoadAttributes (908ms)
				ProcessInitializeOnLoadMethodAttributes (92ms)
				AfterProcessingInitializeOnLoad (7ms)
				EditorAssembliesLoaded (0ms)
			ExecutionOrderSort2 (0ms)
			AwakeInstancesAfterBackupRestoration (9ms)
Platform modules already initialized, skipping
========================================================================
Worker process is ready to serve import requests
Cannot set VR devices because the platform passed isn't supported by Unity.
Cannot set VR devices because the platform passed isn't supported by Unity.
Cannot set VR devices because the platform passed isn't supported by Unity.
Cannot set VR devices because the platform passed isn't supported by Unity.
Cannot set VR devices because the platform passed isn't supported by Unity.
Cannot set VR devices because the platform passed isn't supported by Unity.
Cannot set VR devices because the platform passed isn't supported by Unity.
Cannot set VR devices because the platform passed isn't supported by Unity.
Cannot set VR devices because the platform passed isn't supported by Unity.
Cannot set VR devices because the platform passed isn't supported by Unity.
Cannot set VR devices because the platform passed isn't supported by Unity.
Launched and connected shader compiler UnityShaderCompiler.exe after 0.07 seconds
Refreshing native plugins compatible for Editor in 0.79 ms, found 3 plugins.
Preloading 0 native plugins for Editor in 0.00 ms.
Unloading 4840 Unused Serialized files (Serialized files now loaded: 0)
Unloading 32 unused Assets / (0.7 MB). Loaded Objects now: 5316.
Memory consumption went from 201.4 MB to 200.7 MB.
Total: 5.897200 ms (FindLiveObjects: 0.513900 ms CreateObjectMapping: 0.422300 ms MarkObjects: 4.446400 ms  DeleteObjects: 0.513000 ms)

AssetImportParameters requested are different than current active one (requested -> active):
  custom:video-decoder-ogg-theora: a1e56fd34408186e4bbccfd4996cb3dc -> 
  custom:container-muxer-webm: aa71ff27fc2769a1b78a27578f13a17b -> 
  custom:container-demuxer-webm: 4f35f7cbe854078d1ac9338744f61a02 -> 
  custom:video-encoder-webm-vp8: eb34c28f22e8b96e1ab97ce403110664 -> 
  custom:audio-encoder-webm-vorbis: bf7c407c2cedff20999df2af8eb42d56 -> 
  custom:framework-win-MediaFoundation: 216162199b28c13a410421893ffa2e32 -> 
  custom:container-demuxer-ogg: 62fdf1f143b41e24485cea50d1cbac27 -> 
  custom:video-decoder-webm-vp8: 9c59270c3fd7afecdb556c50c9e8de78 -> 
  custom:audio-decoder-ogg-vorbis: bf7c407c2cedff20999df2af8eb42d56 -> 
========================================================================
Received Import Request.
  Time since last request: 64019.646929 seconds.
  path: Assets/Baker House/Models/Baker_house.FBX
  artifactKey: Guid(e36cf732b73e87f458b5e69d2c1f6417) Importer(815301076,1909f56bfc062723c751e8b465ee728b)
Start importing Assets/Baker House/Models/Baker_house.FBX using Guid(e36cf732b73e87f458b5e69d2c1f6417) Importer(815301076,1909f56bfc062723c751e8b465ee728b)  -> (artifact id: '2b4c867817b68bf0d19ea21c16b2e2e3') in 0.220707 seconds 
========================================================================
Received Import Request.
  Time since last request: 0.000025 seconds.
  path: Assets/Baker House/Models
  artifactKey: Guid(3b4ee3dca1fb2904fb1f7efdbcf66d0e) Importer(815301076,1909f56bfc062723c751e8b465ee728b)
Start importing Assets/Baker House/Models using Guid(3b4ee3dca1fb2904fb1f7efdbcf66d0e) Importer(815301076,1909f56bfc062723c751e8b465ee728b)  -> (artifact id: '07e6bbddddfce89e8fa67bb1c2dd0c28') in 0.006588 seconds 
========================================================================
Received Import Request.
  Time since last request: 0.000031 seconds.
  path: Assets/Baker House/Materials/Baker_house.mat
  artifactKey: Guid(c79030977bbf33e4397f1417b86e5789) Importer(815301076,1909f56bfc062723c751e8b465ee728b)
Start importing Assets/Baker House/Materials/Baker_house.mat using Guid(c79030977bbf33e4397f1417b86e5789) Importer(815301076,1909f56bfc062723c751e8b465ee728b)  -> (artifact id: '688ed20b3974e89a30bde4ae26cac21e') in 0.248651 seconds 
========================================================================
Received Import Request.
  Time since last request: 3.586238 seconds.
  path: Assets/Baker House/Prefabs/Barrel.prefab
  artifactKey: Guid(6e604c269b8519d4486bbbc982b9afa9) Importer(815301076,1909f56bfc062723c751e8b465ee728b)
Start importing Assets/Baker House/Prefabs/Barrel.prefab using Guid(6e604c269b8519d4486bbbc982b9afa9) Importer(815301076,1909f56bfc062723c751e8b465ee728b)  -> (artifact id: '3d920acfb2741a4b1d9f080a761dafc5') in 0.025567 seconds 
========================================================================
Received Import Request.
  Time since last request: 91.509466 seconds.
  path: Assets/WatchTower/Watchtower_Entrance.FBX
  artifactKey: Guid(a118a227985477f40b8b7f0080ba4e47) Importer(815301076,1909f56bfc062723c751e8b465ee728b)
Start importing Assets/WatchTower/Watchtower_Entrance.FBX using Guid(a118a227985477f40b8b7f0080ba4e47) Importer(815301076,1909f56bfc062723c751e8b465ee728b)  -> (artifact id: 'ae714c29f46aaf0bf6b8a90eb9919a8b') in 0.034120 seconds 
========================================================================
Received Import Request.
  Time since last request: 0.000029 seconds.
  path: Assets/WatchTower/Watchtower_Flag_Pole.FBX
  artifactKey: Guid(584a712fd675ed744a077dc85cb01e10) Importer(815301076,1909f56bfc062723c751e8b465ee728b)
Start importing Assets/WatchTower/Watchtower_Flag_Pole.FBX using Guid(584a712fd675ed744a077dc85cb01e10) Importer(815301076,1909f56bfc062723c751e8b465ee728b)  -> (artifact id: '2d6b9bebc97e05847d2b8a2b1c300ef2') in 0.040130 seconds 
========================================================================
Received Import Request.
  Time since last request: 0.000025 seconds.
  path: Assets/WatchTower/Watchtower_Main.FBX
  artifactKey: Guid(0e91f339823e26446a3313f2a895c030) Importer(815301076,1909f56bfc062723c751e8b465ee728b)
Start importing Assets/WatchTower/Watchtower_Main.FBX using Guid(0e91f339823e26446a3313f2a895c030) Importer(815301076,1909f56bfc062723c751e8b465ee728b)  -> (artifact id: 'bcfab399afb224f48df9116cfcf81fe8') in 0.023979 seconds 
========================================================================
Received Import Request.
  Time since last request: 0.000038 seconds.
  path: Assets/WatchTower/Watchtower_Flag_Pole.prefab
  artifactKey: Guid(4b23a39b243be6e45a2666e069dbaec6) Importer(815301076,1909f56bfc062723c751e8b465ee728b)
Start importing Assets/WatchTower/Watchtower_Flag_Pole.prefab using Guid(4b23a39b243be6e45a2666e069dbaec6) Importer(815301076,1909f56bfc062723c751e8b465ee728b)  -> (artifact id: '226ffbfc61382c21d6077561b542bff5') in 0.014102 seconds 
========================================================================
Received Import Request.
  Time since last request: 0.000049 seconds.
  path: Assets/WatchTower/Watchtower_Main.prefab
  artifactKey: Guid(aa9594eb6985dc148a2de3dabda40128) Importer(815301076,1909f56bfc062723c751e8b465ee728b)
Start importing Assets/WatchTower/Watchtower_Main.prefab using Guid(aa9594eb6985dc148a2de3dabda40128) Importer(815301076,1909f56bfc062723c751e8b465ee728b)  -> (artifact id: 'a452760761895acfb0c7ed84ecca5969') in 0.013958 seconds 
========================================================================
Received Import Request.
  Time since last request: 0.000026 seconds.
  path: Assets/WatchTower/Watchtower_Entrance.prefab
  artifactKey: Guid(d3ededba05195444dad9c9fda9da81b2) Importer(815301076,1909f56bfc062723c751e8b465ee728b)
Start importing Assets/WatchTower/Watchtower_Entrance.prefab using Guid(d3ededba05195444dad9c9fda9da81b2) Importer(815301076,1909f56bfc062723c751e8b465ee728b)  -> (artifact id: 'd9a42854675dc3e7efc06d25d4beacb0') in 0.014681 seconds 
========================================================================
Received Import Request.
  Time since last request: 0.000027 seconds.
  path: Assets/WatchTower/Watchtower_Window.FBX
  artifactKey: Guid(728d34ef80da54d4c80445478318c583) Importer(815301076,1909f56bfc062723c751e8b465ee728b)
Start importing Assets/WatchTower/Watchtower_Window.FBX using Guid(728d34ef80da54d4c80445478318c583) Importer(815301076,1909f56bfc062723c751e8b465ee728b)  -> (artifact id: 'd973038e3d5b464161c9b938d7aa8a5e') in 0.081628 seconds 
Editor requested this worker to shutdown with reason: Scaling down because of idle timeout
AssetImportWorker is now disconnected from the server
Process exiting
Exiting without the bug reporter. Application will terminate with return code 0